udev 3.9G 0 3.9G 0%
tmpfs 793M 2.2M 791M 1%
/dev/sda5 49G 43G 3.4G 93%
tmpfs 3.9G 4.0K 3.9G 1%
tmpfs 5.0M 0 5.0M 0%
tmpfs 3.9G 0 3.9G 0%
/dev/loop2 56M 56M 0 100%
/dev/loop3 62M 62M 0 100%
/dev/loop4 62M 62M 0 100%
/dev/loop0 128K 128K 0 100%
/dev/loop1 56M 56M 0 100%
/dev/loop5 219M 219M 0 100%
/dev/loop6 219M 219M 0 100%
/dev/loop7 249M 249M 0 100%
/dev/loop8 44M 44M 0 100%
/dev/loop9 55M 55M 0 100%
/dev/loop10 51M 51M 0 100%
/dev/loop11 248M 248M 0 100%
/dev/loop12 44M 44M 0 100%
/dev/loop13 66M 66M 0 100%
/dev/loop14 66M 66M 0 100%
/dev/sda1 511M 4.0K 511M 1%
tmpfs 793M 16K 793M 1%
vfiler1.lec-admin.dmu.ac.uk:/vol/home2/P16218862 9.3T 6.5T 2.8T 70%
tmpfs 793M 120K 793M 1%
