Users currently logged in are: P16218862


The last system boot was at:  17:58


P16218862  logged in at: 19:14


10 CURRENT PROCESSES RUNNING ON THE SYSTEM:

USER         PID %CPU %MEM    VSZ   RSS TTY      STAT START   TIME COMMAND
root           1  0.0  0.1 168192 12024 ?        Ss   17:58   0:01 /sbin/init splash
root           2  0.0  0.0      0     0 ?        S    17:58   0:00 [kthreadd]
root           3  0.0  0.0      0     0 ?        I<   17:58   0:00 [rcu_gp]
root           4  0.0  0.0      0     0 ?        I<   17:58   0:00 [rcu_par_gp]
root           6  0.0  0.0      0     0 ?        I<   17:58   0:00 [kworker/0:0H-events_highpri]
root           9  0.0  0.0      0     0 ?        I<   17:58   0:00 [mm_percpu_wq]
root          10  0.0  0.0      0     0 ?        S    17:58   0:00 [rcu_tasks_rude_]
root          11  0.0  0.0      0     0 ?        S    17:58   0:00 [rcu_tasks_trace]
root          12  0.0  0.0      0     0 ?        S    17:58   0:00 [ksoftirqd/0]

TOP 5 CPU CONSUMING PROCESSES: 

[7m    PID USER      PR  NI    VIRT    RES    SHR S  %CPU  %MEM     TIME+ COMMAND (B[m[39;49m[K
(B[m      1 root      20   0  168192  12024   8336 S   0.0   0.1   0:01.54 systemd (B[m[39;49m[K
(B[m      2 root      20   0       0      0      0 S   0.0   0.0   0:00.00 kthrea+ (B[m[39;49m[K
(B[m      3 root       0 -20       0      0      0 I   0.0   0.0   0:00.00 rcu_gp  (B[m[39;49m[K
(B[m      4 root       0 -20       0      0      0 I   0.0   0.0   0:00.00 rcu_pa+ (B[m[39;49m[K
(B[m      6 root       0 -20       0      0      0 I   0.0   0.0   0:00.00 kworke+ (B[m[39;49m[K

TOP 5 CPU CONSUMING PROCESSES:Note:I am displaying this the second time because this looks good compared to the one above.
The first Top 5 CPU table looks good in the terminal

    PID CMD                         %CPU
   7812 /usr/libexec/tracker-store   6.0
   6305 /usr/bin/gnome-shell         5.3
   7506 /usr/bin/nautilus --gapplic  2.5
   5719 /usr/lib/vmware/viewagent/V  1.3
   3463 /opt/ds_agent/ds_am -g ../d  0.8
   1181 /opt/ds_agent/ds_agent -w /  0.4
    974 /usr/bin/mongod --config /e  0.3
   1667 /usr/lib/vmware/viewagent/j  0.3
   6004 /usr/libexec/tracker-miner-  0.2

TOP PROCESSES BY MEMORY USAGE:

    PID USER      PR  NI    VIRT    RES    SHR S  %CPU  %MEM     TIME+ COMMAND
    967 mysql     20   0 2093940 405000  35868 S   0.0   5.0   0:03.61 mysqld
   6305 P162188+  20   0 5147408 305204 129932 S   6.2   3.8   0:14.67 gnome-+
   1667 root      20   0 4167896 215892  22624 S   0.0   2.7   0:15.37 java
   2652 gdm       20   0 4790800 211920 116732 S   0.0   2.6   0:02.77 gnome-+
   1181 root      20   0  513576 155360  26352 S   0.0   1.9   0:23.02 ds_age+
   3463 root      20   0 2694068 143204  44888 S   0.0   1.8   0:41.75 ds_am
    974 mongodb   20   0 1540928 111120  51524 S   0.0   1.4   0:15.75 mongod
   7506 P162188+  20   0 1853944 108320  62524 S   0.0   1.3   0:04.75 nautil+

DISK USAGE BASED ON THE FILE SYSTEM FORMAT:

Filesystem                                        Size  Used Avail Use% Mounted on
udev                                              3.9G     0  3.9G   0% /dev
tmpfs                                             793M  2.2M  791M   1% /run
/dev/sda5                                          49G   43G  3.4G  93% /
tmpfs                                             3.9G  4.0K  3.9G   1% /dev/shm
tmpfs                                             5.0M     0  5.0M   0% /run/lock
tmpfs                                             3.9G     0  3.9G   0% /sys/fs/cgroup
/dev/loop2                                         56M   56M     0 100% /snap/core18/2344
/dev/loop3                                         62M   62M     0 100% /snap/core20/1328
/dev/loop4                                         62M   62M     0 100% /snap/core20/1376
/dev/loop0                                        128K  128K     0 100% /snap/bare/5
/dev/loop1                                         56M   56M     0 100% /snap/core18/2284
/dev/loop5                                        219M  219M     0 100% /snap/gnome-3-34-1804/72
/dev/loop6                                        219M  219M     0 100% /snap/gnome-3-34-1804/77
/dev/loop7                                        249M  249M     0 100% /snap/gnome-3-38-2004/99
/dev/loop8                                         44M   44M     0 100% /snap/snapd/14978
/dev/loop9                                         55M   55M     0 100% /snap/snap-store/558
/dev/loop10                                        51M   51M     0 100% /snap/snap-store/547
/dev/loop11                                       248M  248M     0 100% /snap/gnome-3-38-2004/87
/dev/loop12                                        44M   44M     0 100% /snap/snapd/15177
/dev/loop13                                        66M   66M     0 100% /snap/gtk-common-themes/1519
/dev/loop14                                        66M   66M     0 100% /snap/gtk-common-themes/1515
/dev/sda1                                         511M  4.0K  511M   1% /boot/efi
tmpfs                                             793M   16K  793M   1% /run/user/125
vfiler1.lec-admin.dmu.ac.uk:/vol/home2/P16218862  9.3T  6.5T  2.8T  70% /home2/P16218862
tmpfs                                             793M  120K  793M   1% /run/user/11621886

DISK SPACE INFORMATION OF THE CURRENT FILE SYSTEM:

Filesystem                                        1K-blocks       Used  Available Use% Mounted on
vfiler1.lec-admin.dmu.ac.uk:/vol/home2/P16218862 9878424832 6892766784 2985658048  70% /home2/P16218862


AVAILABLE NETWORK INTERFACES AND THEIR STATES:

1: lo: <LOOPBACK,UP,LOWER_UP> mtu 65536 qdisc noqueue state UNKNOWN mode DEFAULT group default qlen 1000
    link/loopback 00:00:00:00:00:00 brd 00:00:00:00:00:00
----------------------------------------------------------------------------------
2: ens160: <BROADCAST,MULTICAST,UP,LOWER_UP> mtu 1500 qdisc mq state UP mode DEFAULT group default qlen 1000
    link/ether 00:50:56:8a:a1:9e brd ff:ff:ff:ff:ff:ff
    altname enp3s0
----------------------------------------------------------------------------------
3: virbr0: <NO-CARRIER,BROADCAST,MULTICAST,UP> mtu 1500 qdisc noqueue state DOWN mode DEFAULT group default qlen 1000
    link/ether 52:54:00:b2:b5:4e brd ff:ff:ff:ff:ff:ff
----------------------------------------------------------------------------------
4: virbr0-nic: <BROADCAST,MULTICAST> mtu 1500 qdisc fq_codel master virbr0 state DOWN mode DEFAULT group default qlen 1000
    link/ether 52:54:00:b2:b5:4e brd ff:ff:ff:ff:ff:ff
----------------------------------------------------------------------------------
5: docker0: <NO-CARRIER,BROADCAST,MULTICAST,UP> mtu 1500 qdisc noqueue state DOWN mode DEFAULT group default 
    link/ether 02:42:c0:4a:40:37 brd ff:ff:ff:ff:ff:ff
----------------------------------------------------------------------------------

DEVICES CONNECTED TO THE PCI BUS:

00:00.0 Host bridge: Intel Corporation 440BX/ZX/DX - 82443BX/ZX/DX Host bridge (rev 01)
00:01.0 PCI bridge: Intel Corporation 440BX/ZX/DX - 82443BX/ZX/DX AGP bridge (rev 01)
00:07.0 ISA bridge: Intel Corporation 82371AB/EB/MB PIIX4 ISA (rev 08)
00:07.1 IDE interface: Intel Corporation 82371AB/EB/MB PIIX4 IDE (rev 01)
00:07.3 Bridge: Intel Corporation 82371AB/EB/MB PIIX4 ACPI (rev 08)
00:07.7 System peripheral: VMware Virtual Machine Communication Interface (rev 10)
00:0f.0 VGA compatible controller: VMware SVGA II Adapter
00:10.0 SCSI storage controller: Broadcom / LSI 53c1030 PCI-X Fusion-MPT Dual Ultra320 SCSI (rev 01)
00:11.0 PCI bridge: VMware PCI bridge (rev 02)
00:15.0 PCI bridge: VMware PCI Express Root Port (rev 01)
00:15.1 PCI bridge: VMware PCI Express Root Port (rev 01)
00:15.2 PCI bridge: VMware PCI Express Root Port (rev 01)
00:15.3 PCI bridge: VMware PCI Express Root Port (rev 01)
00:15.4 PCI bridge: VMware PCI Express Root Port (rev 01)
00:15.5 PCI bridge: VMware PCI Express Root Port (rev 01)
00:15.6 PCI bridge: VMware PCI Express Root Port (rev 01)
00:15.7 PCI bridge: VMware PCI Express Root Port (rev 01)
00:16.0 PCI bridge: VMware PCI Express Root Port (rev 01)
00:16.1 PCI bridge: VMware PCI Express Root Port (rev 01)
00:16.2 PCI bridge: VMware PCI Express Root Port (rev 01)
00:16.3 PCI bridge: VMware PCI Express Root Port (rev 01)
00:16.4 PCI bridge: VMware PCI Express Root Port (rev 01)
00:16.5 PCI bridge: VMware PCI Express Root Port (rev 01)
00:16.6 PCI bridge: VMware PCI Express Root Port (rev 01)
00:16.7 PCI bridge: VMware PCI Express Root Port (rev 01)
00:17.0 PCI bridge: VMware PCI Express Root Port (rev 01)
00:17.1 PCI bridge: VMware PCI Express Root Port (rev 01)
00:17.2 PCI bridge: VMware PCI Express Root Port (rev 01)
00:17.3 PCI bridge: VMware PCI Express Root Port (rev 01)
00:17.4 PCI bridge: VMware PCI Express Root Port (rev 01)
00:17.5 PCI bridge: VMware PCI Express Root Port (rev 01)
00:17.6 PCI bridge: VMware PCI Express Root Port (rev 01)
00:17.7 PCI bridge: VMware PCI Express Root Port (rev 01)
00:18.0 PCI bridge: VMware PCI Express Root Port (rev 01)
00:18.1 PCI bridge: VMware PCI Express Root Port (rev 01)
00:18.2 PCI bridge: VMware PCI Express Root Port (rev 01)
00:18.3 PCI bridge: VMware PCI Express Root Port (rev 01)
00:18.4 PCI bridge: VMware PCI Express Root Port (rev 01)
00:18.5 PCI bridge: VMware PCI Express Root Port (rev 01)
00:18.6 PCI bridge: VMware PCI Express Root Port (rev 01)
00:18.7 PCI bridge: VMware PCI Express Root Port (rev 01)
02:01.0 SATA controller: VMware SATA AHCI controller
03:00.0 Ethernet controller: VMware VMXNET3 Ethernet Controller (rev 01)

DEVICES CONNECTED TO THE USB BUS:
Bus 002 Device 001: ID 1d6b:0003 Linux Foundation 3.0 root hub
Bus 001 Device 001: ID 1d6b:0002 Linux Foundation 2.0 root hub
 
<!DOCTYPE html>
<html>
 <head> 
  <title>COMPUTER SYSTEM AND USER ACTIVITY MONITOR</title>
  <style>
  
  
   html, body{
   
   	margin: 0;
   	padding: 0;
   }
  
  
   .myClass h1 {
   	 background-image: url('wp2972537.jpg');
  	 text-align: center; 
  	 color: white;
   	 background-size: cover;
   	 font-size: 1cm;
   	 
   }
   
   
   .standardInfo{
   	text-align:center;
   	color: #000000;
   	font-weight: bold;
   	font-size: 0.5cm;
   	
   	
   	
   }
   .content-table {
  border-collapse: collapse;
  margin: 25x 0;
  font-size: 0.5cm;
  min-width: 400;
  margin-left: auto;
  	  margin-right: auto;
  	  margin-top: 20px;
  	  
  
}
   .content-table thead tr {
   	background-color: MediumSeaGreen; 	
   	text-align: left;
   	font-weight: bold;
   	}
   
   
   
   .content-table th,
   .content-table td {
   	padding: 12px 15px;
   	border: 1px solid #000;
   	border-collapse: collapse;
   
   }
   
   .content-table caption {
    	font-weight: bold;
    	font-size: 0.6cm;
   }
   
   
   .second-table {
   	  border-collapse: collapse;
  margin: 25x 0;
  font-size: 0.5cm;
  min-width: 400;
  margin-left: auto;
  margin-right: auto;
  	  margin-top: 40px;
  	  
  	  
  	  
  	  
   }
   
   
   .second-table thead tr {
   	background-color: MediumSeaGreen; 	
   	text-align: left;
   	font-weight: bold;
   	
   	
   	}
   
   
   .second-table th,
   .second-table td {
   	padding: 12px 15px;
   	border: 1px solid #000;
   	border-collapse: collapse;
   	
  	
   
   }
   
   .second-table caption{
   	font-weight: bold;
    	font-size: 0.6cm;
   
   }
  
   
   .third-table{
   
   	  border-collapse: collapse;
  
  font-size: 0.3cm;
  margin-left: auto;
  margin-right: auto;
  	  
  	  
  	  width: 400px;
  	  margin-top: 3px;
   
   }
   .myDiv {
   
     width: 800px;
     height: 400px;
     margin-left: 90px;
     overflow-y:auto;
     margin-top:0px;
     margin-left:auto;
     margin-right:auto;
     
     
   }
   
   .third-table th{  	
   	background-color: MediumSeaGreen; 	
   	text-align: left;
   	font-weight: bold; 
   	position: sticky;
   	top: 0;
   	
  	
   }
   .third-table th,td {
   	padding: 10px;
   	border: 1px solid #000;
   	border-collapse: collapse;
   
   }
   .tableInfo{
   
   	text-align:center;
   	margin-top:50px;
   	font-weight: bold;
    	font-size: 0.6cm;
   	
   }
   
   
   

   
   
  
  
  
 </style>  
 </head>


 <body>
 <div class="myClass">
  <h1>COMPUTER SYSTEM AND USER ACTIVITY MONITOR</h1>
  <p class="standardInfo">Updated on Tue 29 Mar 19:19:04 BST 2022 by P16218862</p>
  <p class="standardInfo">
The last system boot was at:  17:58</p>
  <p class="standardInfo">Users currently logged in are: P16218862</p>
  <p class="standardInfo">
P16218862  logged in at: 19:14</p>
  </div>
  
<div class="myClass2"> 
  <h2></h2>

  <table class="content-table">
  <caption>Operating-System Details</caption>
  <thead>
    <tr>
      <th>Version</th>
      <th>Name</th>
      <th>Processor Type</th>
      <th>Hardware Platform</th>
      <th>Hardware Name</th>
      <th>Up Time</th>
    </tr>
  </thead>
  <tbody>
    <tr>
      <td>20.04</td>
      <td>GNU/Linux</td>
      <td>x86_64</td>
      <td>x86_64</td>
      <td>x86_64</td>
      <td>1 hour, 20 minutes</td>
      
     </tr> 
  </tbody>
</table>



  <table class="second-table">
  <caption>Top 5 CPU Consuming Processes</caption>
  <thead>
    <tr>
      <th>PID</th>
      <th>USER</th>
      <th>%CPU</th>
      <th>COMMAND</th>
    </tr>
  </thead>
  <tbody>
   <tr>
<td>7829</td>
<td>P162188+</td>
<td>18.8</td>
<td>tracke+</td>
</tr>
<td>164</td>
<td>root</td>
<td>6.2</td>
<td>kworke+</td>
</tr>
<td>3463</td>
<td>root</td>
<td>6.2</td>
<td>ds_am</td>
</tr>
<td>5719</td>
<td>vmwblast</td>
<td>6.2</td>
<td>VMware+</td>
</tr>
<td>6017</td>
<td>P162188+</td>
<td>6.2</td>
<td>dbus-d+</td>
</tr>
      
  </tbody>
</table> 


<table class="second-table">
  <caption>Top Processes by Memory Usage</caption>
  <thead>
    <tr>
      <th>PID</th>
      <th>USER</th>
      <th>%MEM</th>
      <th>COMMAND</th>
    </tr>
  </thead>
  <tbody>
   <tr>
<td>967</td>
<td>mysql</td>
<td>5.0</td>
<td>mysqld</td>
</tr>
<td>6305</td>
<td>P162188+</td>
<td>3.8</td>
<td>gnome-+</td>
</tr>
<td>1667</td>
<td>root</td>
<td>2.7</td>
<td>java</td>
</tr>
<td>2652</td>
<td>gdm</td>
<td>2.6</td>
<td>gnome-+</td>
</tr>
<td>1181</td>
<td>root</td>
<td>1.9</td>
<td>ds_age+</td>
</tr>
<td>3463</td>
<td>root</td>
<td>1.8</td>
<td>ds_am</td>
</tr>
<td>974</td>
<td>mongodb</td>
<td>1.4</td>
<td>mongod</td>
</tr>
<td>7506</td>
<td>P162188+</td>
<td>1.3</td>
<td>nautil+</td>
</tr>
      
  </tbody>
</table>




<table class="second-table">
  <caption>Disk Usage</caption>
  <thead>
    <tr>
      <th>File System</th>
      <th>Size</th>
      <th>Used</th>
      <th>Available</th>
      <th>Use%</th>
      
    </tr>
  </thead>
  <tbody>
   <tr>
<td>udev</td>
<td>3.9G</td>
<td>0</td>
<td>3.9G</td>
<td>0%</td>

</tr>
<td>tmpfs</td>
<td>793M</td>
<td>2.2M</td>
<td>791M</td>
<td>1%</td>

</tr>
<td>/dev/sda5</td>
<td>49G</td>
<td>43G</td>
<td>3.4G</td>
<td>93%</td>

</tr>
<td>tmpfs</td>
<td>3.9G</td>
<td>4.0K</td>
<td>3.9G</td>
<td>1%</td>

</tr>
<td>tmpfs</td>
<td>5.0M</td>
<td>0</td>
<td>5.0M</td>
<td>0%</td>

</tr>
<td>tmpfs</td>
<td>3.9G</td>
<td>0</td>
<td>3.9G</td>
<td>0%</td>

</tr>
<td>/dev/loop2</td>
<td>56M</td>
<td>56M</td>
<td>0</td>
<td>100%</td>

</tr>
<td>/dev/loop3</td>
<td>62M</td>
<td>62M</td>
<td>0</td>
<td>100%</td>

</tr>
<td>/dev/loop4</td>
<td>62M</td>
<td>62M</td>
<td>0</td>
<td>100%</td>

</tr>
<td>/dev/loop0</td>
<td>128K</td>
<td>128K</td>
<td>0</td>
<td>100%</td>

</tr>
<td>/dev/loop1</td>
<td>56M</td>
<td>56M</td>
<td>0</td>
<td>100%</td>

</tr>
<td>/dev/loop5</td>
<td>219M</td>
<td>219M</td>
<td>0</td>
<td>100%</td>

</tr>
<td>/dev/loop6</td>
<td>219M</td>
<td>219M</td>
<td>0</td>
<td>100%</td>

</tr>
<td>/dev/loop7</td>
<td>249M</td>
<td>249M</td>
<td>0</td>
<td>100%</td>

</tr>
<td>/dev/loop8</td>
<td>44M</td>
<td>44M</td>
<td>0</td>
<td>100%</td>

</tr>
<td>/dev/loop9</td>
<td>55M</td>
<td>55M</td>
<td>0</td>
<td>100%</td>

</tr>
<td>/dev/loop10</td>
<td>51M</td>
<td>51M</td>
<td>0</td>
<td>100%</td>

</tr>
<td>/dev/loop11</td>
<td>248M</td>
<td>248M</td>
<td>0</td>
<td>100%</td>

</tr>
<td>/dev/loop12</td>
<td>44M</td>
<td>44M</td>
<td>0</td>
<td>100%</td>

</tr>
<td>/dev/loop13</td>
<td>66M</td>
<td>66M</td>
<td>0</td>
<td>100%</td>

</tr>
<td>/dev/loop14</td>
<td>66M</td>
<td>66M</td>
<td>0</td>
<td>100%</td>

</tr>
<td>/dev/sda1</td>
<td>511M</td>
<td>4.0K</td>
<td>511M</td>
<td>1%</td>

</tr>
<td>tmpfs</td>
<td>793M</td>
<td>16K</td>
<td>793M</td>
<td>1%</td>

</tr>
<td>vfiler1.lec-admin.dmu.ac.uk:/vol/home2/P16218862</td>
<td>9.3T</td>
<td>6.5T</td>
<td>2.8T</td>
<td>70%</td>

</tr>
<td>tmpfs</td>
<td>793M</td>
<td>120K</td>
<td>793M</td>
<td>1%</td>

</tr>
      
  </tbody>
</table>

<p class="tableInfo" >Current Processes Running</p>
<div class="myDiv">
<table class="third-table"> 

  <thead>
    <tr>
      <th>USER</th>
      <th>PID</th>
      <th>%CPU</th>
      <th>%MEM</th>
      <th>VSZ</th>
      <th>RSS</th>
      <th>TTY</th>
      <th>STAT</th>
      <th>START</th>
      <th>TIME</th>
      <th>COMMAND</th>
      
    </tr>
  </thead>
  <tbody>
   <tr>
<td>root</td>
<td>1</td>
<td>0.0</td>
<td>0.1</td>
<td>168192</td>
<td>12024</td>
<td>?</td>
<td>Ss</td>
<td>17:58</td>
<td>0:01</td>
<td>/sbin/init splash</td>
</tr>
<td>root</td>
<td>2</td>
<td>0.0</td>
<td>0.0</td>
<td>0</td>
<td>0</td>
<td>?</td>
<td>S</td>
<td>17:58</td>
<td>0:00</td>
<td>[kthreadd]</td>
</tr>
<td>root</td>
<td>3</td>
<td>0.0</td>
<td>0.0</td>
<td>0</td>
<td>0</td>
<td>?</td>
<td>I<</td>
<td>17:58</td>
<td>0:00</td>
<td>[rcu_gp]</td>
</tr>
<td>root</td>
<td>4</td>
<td>0.0</td>
<td>0.0</td>
<td>0</td>
<td>0</td>
<td>?</td>
<td>I<</td>
<td>17:58</td>
<td>0:00</td>
<td>[rcu_par_gp]</td>
</tr>
<td>root</td>
<td>6</td>
<td>0.0</td>
<td>0.0</td>
<td>0</td>
<td>0</td>
<td>?</td>
<td>I<</td>
<td>17:58</td>
<td>0:00</td>
<td>[kworker/0:0H-events_highpri]</td>
</tr>
<td>root</td>
<td>9</td>
<td>0.0</td>
<td>0.0</td>
<td>0</td>
<td>0</td>
<td>?</td>
<td>I<</td>
<td>17:58</td>
<td>0:00</td>
<td>[mm_percpu_wq]</td>
</tr>
<td>root</td>
<td>10</td>
<td>0.0</td>
<td>0.0</td>
<td>0</td>
<td>0</td>
<td>?</td>
<td>S</td>
<td>17:58</td>
<td>0:00</td>
<td>[rcu_tasks_rude_]</td>
</tr>
<td>root</td>
<td>11</td>
<td>0.0</td>
<td>0.0</td>
<td>0</td>
<td>0</td>
<td>?</td>
<td>S</td>
<td>17:58</td>
<td>0:00</td>
<td>[rcu_tasks_trace]</td>
</tr>
<td>root</td>
<td>12</td>
<td>0.0</td>
<td>0.0</td>
<td>0</td>
<td>0</td>
<td>?</td>
<td>S</td>
<td>17:58</td>
<td>0:00</td>
<td>[ksoftirqd/0]</td>
</tr>
<td>root</td>
<td>13</td>
<td>0.0</td>
<td>0.0</td>
<td>0</td>
<td>0</td>
<td>?</td>
<td>I</td>
<td>17:58</td>
<td>0:00</td>
<td>[rcu_sched]</td>
</tr>
<td>root</td>
<td>14</td>
<td>0.0</td>
<td>0.0</td>
<td>0</td>
<td>0</td>
<td>?</td>
<td>S</td>
<td>17:58</td>
<td>0:00</td>
<td>[migration/0]</td>
</tr>
<td>root</td>
<td>15</td>
<td>0.0</td>
<td>0.0</td>
<td>0</td>
<td>0</td>
<td>?</td>
<td>S</td>
<td>17:58</td>
<td>0:00</td>
<td>[idle_inject/0]</td>
</tr>
<td>root</td>
<td>16</td>
<td>0.0</td>
<td>0.0</td>
<td>0</td>
<td>0</td>
<td>?</td>
<td>S</td>
<td>17:58</td>
<td>0:00</td>
<td>[cpuhp/0]</td>
</tr>
<td>root</td>
<td>17</td>
<td>0.0</td>
<td>0.0</td>
<td>0</td>
<td>0</td>
<td>?</td>
<td>S</td>
<td>17:58</td>
<td>0:00</td>
<td>[cpuhp/1]</td>
</tr>
<td>root</td>
<td>18</td>
<td>0.0</td>
<td>0.0</td>
<td>0</td>
<td>0</td>
<td>?</td>
<td>S</td>
<td>17:58</td>
<td>0:00</td>
<td>[idle_inject/1]</td>
</tr>
<td>root</td>
<td>19</td>
<td>0.0</td>
<td>0.0</td>
<td>0</td>
<td>0</td>
<td>?</td>
<td>S</td>
<td>17:58</td>
<td>0:00</td>
<td>[migration/1]</td>
</tr>
<td>root</td>
<td>20</td>
<td>0.0</td>
<td>0.0</td>
<td>0</td>
<td>0</td>
<td>?</td>
<td>S</td>
<td>17:58</td>
<td>0:00</td>
<td>[ksoftirqd/1]</td>
</tr>
<td>root</td>
<td>22</td>
<td>0.0</td>
<td>0.0</td>
<td>0</td>
<td>0</td>
<td>?</td>
<td>I<</td>
<td>17:58</td>
<td>0:00</td>
<td>[kworker/1:0H-events_highpri]</td>
</tr>
<td>root</td>
<td>23</td>
<td>0.0</td>
<td>0.0</td>
<td>0</td>
<td>0</td>
<td>?</td>
<td>S</td>
<td>17:58</td>
<td>0:00</td>
<td>[cpuhp/2]</td>
</tr>
<td>root</td>
<td>24</td>
<td>0.0</td>
<td>0.0</td>
<td>0</td>
<td>0</td>
<td>?</td>
<td>S</td>
<td>17:58</td>
<td>0:00</td>
<td>[idle_inject/2]</td>
</tr>
<td>root</td>
<td>25</td>
<td>0.0</td>
<td>0.0</td>
<td>0</td>
<td>0</td>
<td>?</td>
<td>S</td>
<td>17:58</td>
<td>0:00</td>
<td>[migration/2]</td>
</tr>
<td>root</td>
<td>26</td>
<td>0.0</td>
<td>0.0</td>
<td>0</td>
<td>0</td>
<td>?</td>
<td>S</td>
<td>17:58</td>
<td>0:00</td>
<td>[ksoftirqd/2]</td>
</tr>
<td>root</td>
<td>28</td>
<td>0.0</td>
<td>0.0</td>
<td>0</td>
<td>0</td>
<td>?</td>
<td>I<</td>
<td>17:58</td>
<td>0:00</td>
<td>[kworker/2:0H-events_highpri]</td>
</tr>
<td>root</td>
<td>29</td>
<td>0.0</td>
<td>0.0</td>
<td>0</td>
<td>0</td>
<td>?</td>
<td>S</td>
<td>17:58</td>
<td>0:00</td>
<td>[cpuhp/3]</td>
</tr>
<td>root</td>
<td>30</td>
<td>0.0</td>
<td>0.0</td>
<td>0</td>
<td>0</td>
<td>?</td>
<td>S</td>
<td>17:58</td>
<td>0:00</td>
<td>[idle_inject/3]</td>
</tr>
<td>root</td>
<td>31</td>
<td>0.0</td>
<td>0.0</td>
<td>0</td>
<td>0</td>
<td>?</td>
<td>S</td>
<td>17:58</td>
<td>0:00</td>
<td>[migration/3]</td>
</tr>
<td>root</td>
<td>32</td>
<td>0.0</td>
<td>0.0</td>
<td>0</td>
<td>0</td>
<td>?</td>
<td>S</td>
<td>17:58</td>
<td>0:00</td>
<td>[ksoftirqd/3]</td>
</tr>
<td>root</td>
<td>34</td>
<td>0.0</td>
<td>0.0</td>
<td>0</td>
<td>0</td>
<td>?</td>
<td>I<</td>
<td>17:58</td>
<td>0:00</td>
<td>[kworker/3:0H-events_highpri]</td>
</tr>
<td>root</td>
<td>35</td>
<td>0.0</td>
<td>0.0</td>
<td>0</td>
<td>0</td>
<td>?</td>
<td>S</td>
<td>17:58</td>
<td>0:00</td>
<td>[kdevtmpfs]</td>
</tr>
<td>root</td>
<td>36</td>
<td>0.0</td>
<td>0.0</td>
<td>0</td>
<td>0</td>
<td>?</td>
<td>I<</td>
<td>17:58</td>
<td>0:00</td>
<td>[netns]</td>
</tr>
<td>root</td>
<td>37</td>
<td>0.0</td>
<td>0.0</td>
<td>0</td>
<td>0</td>
<td>?</td>
<td>I<</td>
<td>17:58</td>
<td>0:00</td>
<td>[inet_frag_wq]</td>
</tr>
<td>root</td>
<td>38</td>
<td>0.0</td>
<td>0.0</td>
<td>0</td>
<td>0</td>
<td>?</td>
<td>S</td>
<td>17:58</td>
<td>0:00</td>
<td>[kauditd]</td>
</tr>
<td>root</td>
<td>40</td>
<td>0.0</td>
<td>0.0</td>
<td>0</td>
<td>0</td>
<td>?</td>
<td>I</td>
<td>17:58</td>
<td>0:00</td>
<td>[kworker/1:1-bmhook_wq]</td>
</tr>
<td>root</td>
<td>42</td>
<td>0.0</td>
<td>0.0</td>
<td>0</td>
<td>0</td>
<td>?</td>
<td>S</td>
<td>17:58</td>
<td>0:00</td>
<td>[khungtaskd]</td>
</tr>
<td>root</td>
<td>43</td>
<td>0.0</td>
<td>0.0</td>
<td>0</td>
<td>0</td>
<td>?</td>
<td>S</td>
<td>17:58</td>
<td>0:00</td>
<td>[oom_reaper]</td>
</tr>
<td>root</td>
<td>44</td>
<td>0.0</td>
<td>0.0</td>
<td>0</td>
<td>0</td>
<td>?</td>
<td>I<</td>
<td>17:58</td>
<td>0:00</td>
<td>[writeback]</td>
</tr>
<td>root</td>
<td>45</td>
<td>0.0</td>
<td>0.0</td>
<td>0</td>
<td>0</td>
<td>?</td>
<td>S</td>
<td>17:58</td>
<td>0:00</td>
<td>[kcompactd0]</td>
</tr>
<td>root</td>
<td>46</td>
<td>0.0</td>
<td>0.0</td>
<td>0</td>
<td>0</td>
<td>?</td>
<td>SN</td>
<td>17:58</td>
<td>0:00</td>
<td>[ksmd]</td>
</tr>
<td>root</td>
<td>47</td>
<td>0.0</td>
<td>0.0</td>
<td>0</td>
<td>0</td>
<td>?</td>
<td>SN</td>
<td>17:58</td>
<td>0:00</td>
<td>[khugepaged]</td>
</tr>
<td>root</td>
<td>94</td>
<td>0.0</td>
<td>0.0</td>
<td>0</td>
<td>0</td>
<td>?</td>
<td>I<</td>
<td>17:58</td>
<td>0:00</td>
<td>[kintegrityd]</td>
</tr>
<td>root</td>
<td>95</td>
<td>0.0</td>
<td>0.0</td>
<td>0</td>
<td>0</td>
<td>?</td>
<td>I<</td>
<td>17:58</td>
<td>0:00</td>
<td>[kblockd]</td>
</tr>
<td>root</td>
<td>96</td>
<td>0.0</td>
<td>0.0</td>
<td>0</td>
<td>0</td>
<td>?</td>
<td>I<</td>
<td>17:58</td>
<td>0:00</td>
<td>[blkcg_punt_bio]</td>
</tr>
<td>root</td>
<td>97</td>
<td>0.0</td>
<td>0.0</td>
<td>0</td>
<td>0</td>
<td>?</td>
<td>I<</td>
<td>17:58</td>
<td>0:00</td>
<td>[tpm_dev_wq]</td>
</tr>
<td>root</td>
<td>98</td>
<td>0.0</td>
<td>0.0</td>
<td>0</td>
<td>0</td>
<td>?</td>
<td>I<</td>
<td>17:58</td>
<td>0:00</td>
<td>[ata_sff]</td>
</tr>
<td>root</td>
<td>99</td>
<td>0.0</td>
<td>0.0</td>
<td>0</td>
<td>0</td>
<td>?</td>
<td>I<</td>
<td>17:58</td>
<td>0:00</td>
<td>[md]</td>
</tr>
<td>root</td>
<td>100</td>
<td>0.0</td>
<td>0.0</td>
<td>0</td>
<td>0</td>
<td>?</td>
<td>I<</td>
<td>17:58</td>
<td>0:00</td>
<td>[edac-poller]</td>
</tr>
<td>root</td>
<td>101</td>
<td>0.0</td>
<td>0.0</td>
<td>0</td>
<td>0</td>
<td>?</td>
<td>I<</td>
<td>17:58</td>
<td>0:00</td>
<td>[devfreq_wq]</td>
</tr>
<td>root</td>
<td>102</td>
<td>0.0</td>
<td>0.0</td>
<td>0</td>
<td>0</td>
<td>?</td>
<td>S</td>
<td>17:58</td>
<td>0:00</td>
<td>[watchdogd]</td>
</tr>
<td>root</td>
<td>104</td>
<td>0.0</td>
<td>0.0</td>
<td>0</td>
<td>0</td>
<td>?</td>
<td>I<</td>
<td>17:58</td>
<td>0:00</td>
<td>[kworker/0:1H-kblockd]</td>
</tr>
<td>root</td>
<td>106</td>
<td>0.0</td>
<td>0.0</td>
<td>0</td>
<td>0</td>
<td>?</td>
<td>S</td>
<td>17:58</td>
<td>0:00</td>
<td>[kswapd0]</td>
</tr>
<td>root</td>
<td>107</td>
<td>0.0</td>
<td>0.0</td>
<td>0</td>
<td>0</td>
<td>?</td>
<td>S</td>
<td>17:58</td>
<td>0:00</td>
<td>[ecryptfs-kthrea]</td>
</tr>
<td>root</td>
<td>109</td>
<td>0.0</td>
<td>0.0</td>
<td>0</td>
<td>0</td>
<td>?</td>
<td>I<</td>
<td>17:58</td>
<td>0:00</td>
<td>[kthrotld]</td>
</tr>
<td>root</td>
<td>110</td>
<td>0.0</td>
<td>0.0</td>
<td>0</td>
<td>0</td>
<td>?</td>
<td>S</td>
<td>17:58</td>
<td>0:00</td>
<td>[irq/24-pciehp]</td>
</tr>
<td>root</td>
<td>111</td>
<td>0.0</td>
<td>0.0</td>
<td>0</td>
<td>0</td>
<td>?</td>
<td>S</td>
<td>17:58</td>
<td>0:00</td>
<td>[irq/25-pciehp]</td>
</tr>
<td>root</td>
<td>112</td>
<td>0.0</td>
<td>0.0</td>
<td>0</td>
<td>0</td>
<td>?</td>
<td>S</td>
<td>17:58</td>
<td>0:00</td>
<td>[irq/26-pciehp]</td>
</tr>
<td>root</td>
<td>113</td>
<td>0.0</td>
<td>0.0</td>
<td>0</td>
<td>0</td>
<td>?</td>
<td>S</td>
<td>17:58</td>
<td>0:00</td>
<td>[irq/27-pciehp]</td>
</tr>
<td>root</td>
<td>114</td>
<td>0.0</td>
<td>0.0</td>
<td>0</td>
<td>0</td>
<td>?</td>
<td>S</td>
<td>17:58</td>
<td>0:00</td>
<td>[irq/28-pciehp]</td>
</tr>
<td>root</td>
<td>115</td>
<td>0.0</td>
<td>0.0</td>
<td>0</td>
<td>0</td>
<td>?</td>
<td>S</td>
<td>17:58</td>
<td>0:00</td>
<td>[irq/29-pciehp]</td>
</tr>
<td>root</td>
<td>116</td>
<td>0.0</td>
<td>0.0</td>
<td>0</td>
<td>0</td>
<td>?</td>
<td>S</td>
<td>17:58</td>
<td>0:00</td>
<td>[irq/30-pciehp]</td>
</tr>
<td>root</td>
<td>117</td>
<td>0.0</td>
<td>0.0</td>
<td>0</td>
<td>0</td>
<td>?</td>
<td>S</td>
<td>17:58</td>
<td>0:00</td>
<td>[irq/31-pciehp]</td>
</tr>
<td>root</td>
<td>118</td>
<td>0.0</td>
<td>0.0</td>
<td>0</td>
<td>0</td>
<td>?</td>
<td>S</td>
<td>17:58</td>
<td>0:00</td>
<td>[irq/32-pciehp]</td>
</tr>
<td>root</td>
<td>119</td>
<td>0.0</td>
<td>0.0</td>
<td>0</td>
<td>0</td>
<td>?</td>
<td>S</td>
<td>17:58</td>
<td>0:00</td>
<td>[irq/33-pciehp]</td>
</tr>
<td>root</td>
<td>120</td>
<td>0.0</td>
<td>0.0</td>
<td>0</td>
<td>0</td>
<td>?</td>
<td>S</td>
<td>17:58</td>
<td>0:00</td>
<td>[irq/34-pciehp]</td>
</tr>
<td>root</td>
<td>121</td>
<td>0.0</td>
<td>0.0</td>
<td>0</td>
<td>0</td>
<td>?</td>
<td>S</td>
<td>17:58</td>
<td>0:00</td>
<td>[irq/35-pciehp]</td>
</tr>
<td>root</td>
<td>122</td>
<td>0.0</td>
<td>0.0</td>
<td>0</td>
<td>0</td>
<td>?</td>
<td>S</td>
<td>17:58</td>
<td>0:00</td>
<td>[irq/36-pciehp]</td>
</tr>
<td>root</td>
<td>123</td>
<td>0.0</td>
<td>0.0</td>
<td>0</td>
<td>0</td>
<td>?</td>
<td>S</td>
<td>17:58</td>
<td>0:00</td>
<td>[irq/37-pciehp]</td>
</tr>
<td>root</td>
<td>124</td>
<td>0.0</td>
<td>0.0</td>
<td>0</td>
<td>0</td>
<td>?</td>
<td>S</td>
<td>17:58</td>
<td>0:00</td>
<td>[irq/38-pciehp]</td>
</tr>
<td>root</td>
<td>125</td>
<td>0.0</td>
<td>0.0</td>
<td>0</td>
<td>0</td>
<td>?</td>
<td>S</td>
<td>17:58</td>
<td>0:00</td>
<td>[irq/39-pciehp]</td>
</tr>
<td>root</td>
<td>126</td>
<td>0.0</td>
<td>0.0</td>
<td>0</td>
<td>0</td>
<td>?</td>
<td>S</td>
<td>17:58</td>
<td>0:00</td>
<td>[irq/40-pciehp]</td>
</tr>
<td>root</td>
<td>127</td>
<td>0.0</td>
<td>0.0</td>
<td>0</td>
<td>0</td>
<td>?</td>
<td>S</td>
<td>17:58</td>
<td>0:00</td>
<td>[irq/41-pciehp]</td>
</tr>
<td>root</td>
<td>128</td>
<td>0.0</td>
<td>0.0</td>
<td>0</td>
<td>0</td>
<td>?</td>
<td>S</td>
<td>17:58</td>
<td>0:00</td>
<td>[irq/42-pciehp]</td>
</tr>
<td>root</td>
<td>129</td>
<td>0.0</td>
<td>0.0</td>
<td>0</td>
<td>0</td>
<td>?</td>
<td>S</td>
<td>17:58</td>
<td>0:00</td>
<td>[irq/43-pciehp]</td>
</tr>
<td>root</td>
<td>130</td>
<td>0.0</td>
<td>0.0</td>
<td>0</td>
<td>0</td>
<td>?</td>
<td>S</td>
<td>17:58</td>
<td>0:00</td>
<td>[irq/44-pciehp]</td>
</tr>
<td>root</td>
<td>131</td>
<td>0.0</td>
<td>0.0</td>
<td>0</td>
<td>0</td>
<td>?</td>
<td>S</td>
<td>17:58</td>
<td>0:00</td>
<td>[irq/45-pciehp]</td>
</tr>
<td>root</td>
<td>132</td>
<td>0.0</td>
<td>0.0</td>
<td>0</td>
<td>0</td>
<td>?</td>
<td>S</td>
<td>17:58</td>
<td>0:00</td>
<td>[irq/46-pciehp]</td>
</tr>
<td>root</td>
<td>133</td>
<td>0.0</td>
<td>0.0</td>
<td>0</td>
<td>0</td>
<td>?</td>
<td>S</td>
<td>17:58</td>
<td>0:00</td>
<td>[irq/47-pciehp]</td>
</tr>
<td>root</td>
<td>134</td>
<td>0.0</td>
<td>0.0</td>
<td>0</td>
<td>0</td>
<td>?</td>
<td>S</td>
<td>17:58</td>
<td>0:00</td>
<td>[irq/48-pciehp]</td>
</tr>
<td>root</td>
<td>135</td>
<td>0.0</td>
<td>0.0</td>
<td>0</td>
<td>0</td>
<td>?</td>
<td>S</td>
<td>17:58</td>
<td>0:00</td>
<td>[irq/49-pciehp]</td>
</tr>
<td>root</td>
<td>136</td>
<td>0.0</td>
<td>0.0</td>
<td>0</td>
<td>0</td>
<td>?</td>
<td>S</td>
<td>17:58</td>
<td>0:00</td>
<td>[irq/50-pciehp]</td>
</tr>
<td>root</td>
<td>137</td>
<td>0.0</td>
<td>0.0</td>
<td>0</td>
<td>0</td>
<td>?</td>
<td>S</td>
<td>17:58</td>
<td>0:00</td>
<td>[irq/51-pciehp]</td>
</tr>
<td>root</td>
<td>138</td>
<td>0.0</td>
<td>0.0</td>
<td>0</td>
<td>0</td>
<td>?</td>
<td>S</td>
<td>17:58</td>
<td>0:00</td>
<td>[irq/52-pciehp]</td>
</tr>
<td>root</td>
<td>139</td>
<td>0.0</td>
<td>0.0</td>
<td>0</td>
<td>0</td>
<td>?</td>
<td>S</td>
<td>17:58</td>
<td>0:00</td>
<td>[irq/53-pciehp]</td>
</tr>
<td>root</td>
<td>140</td>
<td>0.0</td>
<td>0.0</td>
<td>0</td>
<td>0</td>
<td>?</td>
<td>S</td>
<td>17:58</td>
<td>0:00</td>
<td>[irq/54-pciehp]</td>
</tr>
<td>root</td>
<td>141</td>
<td>0.0</td>
<td>0.0</td>
<td>0</td>
<td>0</td>
<td>?</td>
<td>S</td>
<td>17:58</td>
<td>0:00</td>
<td>[irq/55-pciehp]</td>
</tr>
<td>root</td>
<td>142</td>
<td>0.0</td>
<td>0.0</td>
<td>0</td>
<td>0</td>
<td>?</td>
<td>I<</td>
<td>17:58</td>
<td>0:00</td>
<td>[acpi_thermal_pm]</td>
</tr>
<td>root</td>
<td>143</td>
<td>0.0</td>
<td>0.0</td>
<td>0</td>
<td>0</td>
<td>?</td>
<td>I</td>
<td>17:58</td>
<td>0:00</td>
<td>[kworker/3:1-rcu_par_gp]</td>
</tr>
<td>root</td>
<td>144</td>
<td>0.0</td>
<td>0.0</td>
<td>0</td>
<td>0</td>
<td>?</td>
<td>S</td>
<td>17:58</td>
<td>0:00</td>
<td>[scsi_eh_0]</td>
</tr>
<td>root</td>
<td>145</td>
<td>0.0</td>
<td>0.0</td>
<td>0</td>
<td>0</td>
<td>?</td>
<td>I<</td>
<td>17:58</td>
<td>0:00</td>
<td>[scsi_tmf_0]</td>
</tr>
<td>root</td>
<td>146</td>
<td>0.0</td>
<td>0.0</td>
<td>0</td>
<td>0</td>
<td>?</td>
<td>S</td>
<td>17:58</td>
<td>0:00</td>
<td>[scsi_eh_1]</td>
</tr>
<td>root</td>
<td>147</td>
<td>0.0</td>
<td>0.0</td>
<td>0</td>
<td>0</td>
<td>?</td>
<td>I<</td>
<td>17:58</td>
<td>0:00</td>
<td>[scsi_tmf_1]</td>
</tr>
<td>root</td>
<td>149</td>
<td>0.0</td>
<td>0.0</td>
<td>0</td>
<td>0</td>
<td>?</td>
<td>I<</td>
<td>17:58</td>
<td>0:00</td>
<td>[vfio-irqfd-clea]</td>
</tr>
<td>root</td>
<td>150</td>
<td>0.0</td>
<td>0.0</td>
<td>0</td>
<td>0</td>
<td>?</td>
<td>I<</td>
<td>17:58</td>
<td>0:00</td>
<td>[ipv6_addrconf]</td>
</tr>
<td>root</td>
<td>160</td>
<td>0.0</td>
<td>0.0</td>
<td>0</td>
<td>0</td>
<td>?</td>
<td>I<</td>
<td>17:58</td>
<td>0:00</td>
<td>[kstrp]</td>
</tr>
<td>root</td>
<td>163</td>
<td>0.0</td>
<td>0.0</td>
<td>0</td>
<td>0</td>
<td>?</td>
<td>I<</td>
<td>17:58</td>
<td>0:00</td>
<td>[zswap-shrink]</td>
</tr>
<td>root</td>
<td>164</td>
<td>0.0</td>
<td>0.0</td>
<td>0</td>
<td>0</td>
<td>?</td>
<td>I<</td>
<td>17:58</td>
<td>0:00</td>
<td>[kworker/u257:0-xprtiod]</td>
</tr>
<td>root</td>
<td>169</td>
<td>0.0</td>
<td>0.0</td>
<td>0</td>
<td>0</td>
<td>?</td>
<td>I<</td>
<td>17:58</td>
<td>0:00</td>
<td>[charger_manager]</td>
</tr>
<td>root</td>
<td>191</td>
<td>0.0</td>
<td>0.0</td>
<td>0</td>
<td>0</td>
<td>?</td>
<td>I<</td>
<td>17:58</td>
<td>0:00</td>
<td>[kworker/2:1H-kblockd]</td>
</tr>
<td>root</td>
<td>218</td>
<td>0.0</td>
<td>0.0</td>
<td>0</td>
<td>0</td>
<td>?</td>
<td>I<</td>
<td>17:58</td>
<td>0:00</td>
<td>[kworker/1:1H-kblockd]</td>
</tr>
<td>root</td>
<td>220</td>
<td>0.0</td>
<td>0.0</td>
<td>0</td>
<td>0</td>
<td>?</td>
<td>S</td>
<td>17:58</td>
<td>0:00</td>
<td>[scsi_eh_2]</td>
</tr>
<td>root</td>
<td>222</td>
<td>0.0</td>
<td>0.0</td>
<td>0</td>
<td>0</td>
<td>?</td>
<td>I<</td>
<td>17:58</td>
<td>0:00</td>
<td>[scsi_tmf_2]</td>
</tr>
<td>root</td>
<td>223</td>
<td>0.0</td>
<td>0.0</td>
<td>0</td>
<td>0</td>
<td>?</td>
<td>S</td>
<td>17:58</td>
<td>0:00</td>
<td>[scsi_eh_3]</td>
</tr>
<td>root</td>
<td>224</td>
<td>0.0</td>
<td>0.0</td>
<td>0</td>
<td>0</td>
<td>?</td>
<td>I<</td>
<td>17:58</td>
<td>0:00</td>
<td>[mpt_poll_0]</td>
</tr>
<td>root</td>
<td>225</td>
<td>0.0</td>
<td>0.0</td>
<td>0</td>
<td>0</td>
<td>?</td>
<td>I<</td>
<td>17:58</td>
<td>0:00</td>
<td>[scsi_tmf_3]</td>
</tr>
<td>root</td>
<td>226</td>
<td>0.0</td>
<td>0.0</td>
<td>0</td>
<td>0</td>
<td>?</td>
<td>S</td>
<td>17:58</td>
<td>0:00</td>
<td>[scsi_eh_4]</td>
</tr>
<td>root</td>
<td>227</td>
<td>0.0</td>
<td>0.0</td>
<td>0</td>
<td>0</td>
<td>?</td>
<td>I<</td>
<td>17:58</td>
<td>0:00</td>
<td>[scsi_tmf_4]</td>
</tr>
<td>root</td>
<td>228</td>
<td>0.0</td>
<td>0.0</td>
<td>0</td>
<td>0</td>
<td>?</td>
<td>S</td>
<td>17:58</td>
<td>0:00</td>
<td>[scsi_eh_5]</td>
</tr>
<td>root</td>
<td>229</td>
<td>0.0</td>
<td>0.0</td>
<td>0</td>
<td>0</td>
<td>?</td>
<td>I<</td>
<td>17:58</td>
<td>0:00</td>
<td>[mpt/0]</td>
</tr>
<td>root</td>
<td>230</td>
<td>0.0</td>
<td>0.0</td>
<td>0</td>
<td>0</td>
<td>?</td>
<td>I<</td>
<td>17:58</td>
<td>0:00</td>
<td>[scsi_tmf_5]</td>
</tr>
<td>root</td>
<td>231</td>
<td>0.0</td>
<td>0.0</td>
<td>0</td>
<td>0</td>
<td>?</td>
<td>S</td>
<td>17:58</td>
<td>0:00</td>
<td>[scsi_eh_6]</td>
</tr>
<td>root</td>
<td>232</td>
<td>0.0</td>
<td>0.0</td>
<td>0</td>
<td>0</td>
<td>?</td>
<td>I<</td>
<td>17:58</td>
<td>0:00</td>
<td>[scsi_tmf_6]</td>
</tr>
<td>root</td>
<td>233</td>
<td>0.0</td>
<td>0.0</td>
<td>0</td>
<td>0</td>
<td>?</td>
<td>S</td>
<td>17:58</td>
<td>0:00</td>
<td>[scsi_eh_7]</td>
</tr>
<td>root</td>
<td>234</td>
<td>0.0</td>
<td>0.0</td>
<td>0</td>
<td>0</td>
<td>?</td>
<td>I<</td>
<td>17:58</td>
<td>0:00</td>
<td>[scsi_tmf_7]</td>
</tr>
<td>root</td>
<td>235</td>
<td>0.0</td>
<td>0.0</td>
<td>0</td>
<td>0</td>
<td>?</td>
<td>S</td>
<td>17:58</td>
<td>0:00</td>
<td>[scsi_eh_8]</td>
</tr>
<td>root</td>
<td>236</td>
<td>0.0</td>
<td>0.0</td>
<td>0</td>
<td>0</td>
<td>?</td>
<td>I<</td>
<td>17:58</td>
<td>0:00</td>
<td>[scsi_tmf_8]</td>
</tr>
<td>root</td>
<td>237</td>
<td>0.0</td>
<td>0.0</td>
<td>0</td>
<td>0</td>
<td>?</td>
<td>S</td>
<td>17:58</td>
<td>0:00</td>
<td>[scsi_eh_9]</td>
</tr>
<td>root</td>
<td>238</td>
<td>0.0</td>
<td>0.0</td>
<td>0</td>
<td>0</td>
<td>?</td>
<td>I<</td>
<td>17:58</td>
<td>0:00</td>
<td>[scsi_tmf_9]</td>
</tr>
<td>root</td>
<td>239</td>
<td>0.0</td>
<td>0.0</td>
<td>0</td>
<td>0</td>
<td>?</td>
<td>S</td>
<td>17:58</td>
<td>0:00</td>
<td>[scsi_eh_10]</td>
</tr>
<td>root</td>
<td>240</td>
<td>0.0</td>
<td>0.0</td>
<td>0</td>
<td>0</td>
<td>?</td>
<td>I<</td>
<td>17:58</td>
<td>0:00</td>
<td>[scsi_tmf_10]</td>
</tr>
<td>root</td>
<td>241</td>
<td>0.0</td>
<td>0.0</td>
<td>0</td>
<td>0</td>
<td>?</td>
<td>S</td>
<td>17:58</td>
<td>0:00</td>
<td>[scsi_eh_11]</td>
</tr>
<td>root</td>
<td>242</td>
<td>0.0</td>
<td>0.0</td>
<td>0</td>
<td>0</td>
<td>?</td>
<td>I<</td>
<td>17:58</td>
<td>0:00</td>
<td>[scsi_tmf_11]</td>
</tr>
<td>root</td>
<td>243</td>
<td>0.0</td>
<td>0.0</td>
<td>0</td>
<td>0</td>
<td>?</td>
<td>S</td>
<td>17:58</td>
<td>0:00</td>
<td>[scsi_eh_12]</td>
</tr>
<td>root</td>
<td>244</td>
<td>0.0</td>
<td>0.0</td>
<td>0</td>
<td>0</td>
<td>?</td>
<td>I<</td>
<td>17:58</td>
<td>0:00</td>
<td>[scsi_tmf_12]</td>
</tr>
<td>root</td>
<td>245</td>
<td>0.0</td>
<td>0.0</td>
<td>0</td>
<td>0</td>
<td>?</td>
<td>S</td>
<td>17:58</td>
<td>0:00</td>
<td>[scsi_eh_13]</td>
</tr>
<td>root</td>
<td>246</td>
<td>0.0</td>
<td>0.0</td>
<td>0</td>
<td>0</td>
<td>?</td>
<td>I<</td>
<td>17:58</td>
<td>0:00</td>
<td>[scsi_tmf_13]</td>
</tr>
<td>root</td>
<td>247</td>
<td>0.0</td>
<td>0.0</td>
<td>0</td>
<td>0</td>
<td>?</td>
<td>S</td>
<td>17:58</td>
<td>0:00</td>
<td>[scsi_eh_14]</td>
</tr>
<td>root</td>
<td>248</td>
<td>0.0</td>
<td>0.0</td>
<td>0</td>
<td>0</td>
<td>?</td>
<td>I<</td>
<td>17:58</td>
<td>0:00</td>
<td>[scsi_tmf_14]</td>
</tr>
<td>root</td>
<td>249</td>
<td>0.0</td>
<td>0.0</td>
<td>0</td>
<td>0</td>
<td>?</td>
<td>S</td>
<td>17:58</td>
<td>0:00</td>
<td>[scsi_eh_15]</td>
</tr>
<td>root</td>
<td>250</td>
<td>0.0</td>
<td>0.0</td>
<td>0</td>
<td>0</td>
<td>?</td>
<td>I<</td>
<td>17:58</td>
<td>0:00</td>
<td>[scsi_tmf_15]</td>
</tr>
<td>root</td>
<td>251</td>
<td>0.0</td>
<td>0.0</td>
<td>0</td>
<td>0</td>
<td>?</td>
<td>S</td>
<td>17:58</td>
<td>0:00</td>
<td>[scsi_eh_16]</td>
</tr>
<td>root</td>
<td>252</td>
<td>0.0</td>
<td>0.0</td>
<td>0</td>
<td>0</td>
<td>?</td>
<td>I<</td>
<td>17:58</td>
<td>0:00</td>
<td>[scsi_tmf_16]</td>
</tr>
<td>root</td>
<td>253</td>
<td>0.0</td>
<td>0.0</td>
<td>0</td>
<td>0</td>
<td>?</td>
<td>S</td>
<td>17:58</td>
<td>0:00</td>
<td>[scsi_eh_17]</td>
</tr>
<td>root</td>
<td>254</td>
<td>0.0</td>
<td>0.0</td>
<td>0</td>
<td>0</td>
<td>?</td>
<td>I<</td>
<td>17:58</td>
<td>0:00</td>
<td>[scsi_tmf_17]</td>
</tr>
<td>root</td>
<td>255</td>
<td>0.0</td>
<td>0.0</td>
<td>0</td>
<td>0</td>
<td>?</td>
<td>S</td>
<td>17:58</td>
<td>0:00</td>
<td>[scsi_eh_18]</td>
</tr>
<td>root</td>
<td>256</td>
<td>0.0</td>
<td>0.0</td>
<td>0</td>
<td>0</td>
<td>?</td>
<td>I<</td>
<td>17:58</td>
<td>0:00</td>
<td>[scsi_tmf_18]</td>
</tr>
<td>root</td>
<td>257</td>
<td>0.0</td>
<td>0.0</td>
<td>0</td>
<td>0</td>
<td>?</td>
<td>S</td>
<td>17:58</td>
<td>0:00</td>
<td>[scsi_eh_19]</td>
</tr>
<td>root</td>
<td>258</td>
<td>0.0</td>
<td>0.0</td>
<td>0</td>
<td>0</td>
<td>?</td>
<td>I<</td>
<td>17:58</td>
<td>0:00</td>
<td>[scsi_tmf_19]</td>
</tr>
<td>root</td>
<td>259</td>
<td>0.0</td>
<td>0.0</td>
<td>0</td>
<td>0</td>
<td>?</td>
<td>S</td>
<td>17:58</td>
<td>0:00</td>
<td>[scsi_eh_20]</td>
</tr>
<td>root</td>
<td>260</td>
<td>0.0</td>
<td>0.0</td>
<td>0</td>
<td>0</td>
<td>?</td>
<td>I<</td>
<td>17:58</td>
<td>0:00</td>
<td>[scsi_tmf_20]</td>
</tr>
<td>root</td>
<td>261</td>
<td>0.0</td>
<td>0.0</td>
<td>0</td>
<td>0</td>
<td>?</td>
<td>S</td>
<td>17:58</td>
<td>0:00</td>
<td>[scsi_eh_21]</td>
</tr>
<td>root</td>
<td>262</td>
<td>0.0</td>
<td>0.0</td>
<td>0</td>
<td>0</td>
<td>?</td>
<td>I<</td>
<td>17:58</td>
<td>0:00</td>
<td>[scsi_tmf_21]</td>
</tr>
<td>root</td>
<td>263</td>
<td>0.0</td>
<td>0.0</td>
<td>0</td>
<td>0</td>
<td>?</td>
<td>S</td>
<td>17:58</td>
<td>0:00</td>
<td>[scsi_eh_22]</td>
</tr>
<td>root</td>
<td>264</td>
<td>0.0</td>
<td>0.0</td>
<td>0</td>
<td>0</td>
<td>?</td>
<td>I<</td>
<td>17:58</td>
<td>0:00</td>
<td>[scsi_tmf_22]</td>
</tr>
<td>root</td>
<td>265</td>
<td>0.0</td>
<td>0.0</td>
<td>0</td>
<td>0</td>
<td>?</td>
<td>S</td>
<td>17:58</td>
<td>0:00</td>
<td>[scsi_eh_23]</td>
</tr>
<td>root</td>
<td>266</td>
<td>0.0</td>
<td>0.0</td>
<td>0</td>
<td>0</td>
<td>?</td>
<td>I<</td>
<td>17:58</td>
<td>0:00</td>
<td>[scsi_tmf_23]</td>
</tr>
<td>root</td>
<td>267</td>
<td>0.0</td>
<td>0.0</td>
<td>0</td>
<td>0</td>
<td>?</td>
<td>S</td>
<td>17:58</td>
<td>0:00</td>
<td>[scsi_eh_24]</td>
</tr>
<td>root</td>
<td>268</td>
<td>0.0</td>
<td>0.0</td>
<td>0</td>
<td>0</td>
<td>?</td>
<td>I<</td>
<td>17:58</td>
<td>0:00</td>
<td>[scsi_tmf_24]</td>
</tr>
<td>root</td>
<td>269</td>
<td>0.0</td>
<td>0.0</td>
<td>0</td>
<td>0</td>
<td>?</td>
<td>S</td>
<td>17:58</td>
<td>0:00</td>
<td>[scsi_eh_25]</td>
</tr>
<td>root</td>
<td>270</td>
<td>0.0</td>
<td>0.0</td>
<td>0</td>
<td>0</td>
<td>?</td>
<td>I<</td>
<td>17:58</td>
<td>0:00</td>
<td>[scsi_tmf_25]</td>
</tr>
<td>root</td>
<td>271</td>
<td>0.0</td>
<td>0.0</td>
<td>0</td>
<td>0</td>
<td>?</td>
<td>S</td>
<td>17:58</td>
<td>0:00</td>
<td>[scsi_eh_26]</td>
</tr>
<td>root</td>
<td>272</td>
<td>0.0</td>
<td>0.0</td>
<td>0</td>
<td>0</td>
<td>?</td>
<td>I<</td>
<td>17:58</td>
<td>0:00</td>
<td>[scsi_tmf_26]</td>
</tr>
<td>root</td>
<td>273</td>
<td>0.0</td>
<td>0.0</td>
<td>0</td>
<td>0</td>
<td>?</td>
<td>S</td>
<td>17:58</td>
<td>0:00</td>
<td>[scsi_eh_27]</td>
</tr>
<td>root</td>
<td>274</td>
<td>0.0</td>
<td>0.0</td>
<td>0</td>
<td>0</td>
<td>?</td>
<td>I<</td>
<td>17:58</td>
<td>0:00</td>
<td>[scsi_tmf_27]</td>
</tr>
<td>root</td>
<td>275</td>
<td>0.0</td>
<td>0.0</td>
<td>0</td>
<td>0</td>
<td>?</td>
<td>S</td>
<td>17:58</td>
<td>0:00</td>
<td>[scsi_eh_28]</td>
</tr>
<td>root</td>
<td>276</td>
<td>0.0</td>
<td>0.0</td>
<td>0</td>
<td>0</td>
<td>?</td>
<td>I<</td>
<td>17:58</td>
<td>0:00</td>
<td>[scsi_tmf_28]</td>
</tr>
<td>root</td>
<td>277</td>
<td>0.0</td>
<td>0.0</td>
<td>0</td>
<td>0</td>
<td>?</td>
<td>S</td>
<td>17:58</td>
<td>0:00</td>
<td>[scsi_eh_29]</td>
</tr>
<td>root</td>
<td>278</td>
<td>0.0</td>
<td>0.0</td>
<td>0</td>
<td>0</td>
<td>?</td>
<td>I<</td>
<td>17:58</td>
<td>0:00</td>
<td>[scsi_tmf_29]</td>
</tr>
<td>root</td>
<td>279</td>
<td>0.0</td>
<td>0.0</td>
<td>0</td>
<td>0</td>
<td>?</td>
<td>S</td>
<td>17:58</td>
<td>0:00</td>
<td>[scsi_eh_30]</td>
</tr>
<td>root</td>
<td>280</td>
<td>0.0</td>
<td>0.0</td>
<td>0</td>
<td>0</td>
<td>?</td>
<td>I<</td>
<td>17:58</td>
<td>0:00</td>
<td>[scsi_tmf_30]</td>
</tr>
<td>root</td>
<td>281</td>
<td>0.0</td>
<td>0.0</td>
<td>0</td>
<td>0</td>
<td>?</td>
<td>S</td>
<td>17:58</td>
<td>0:00</td>
<td>[scsi_eh_31]</td>
</tr>
<td>root</td>
<td>282</td>
<td>0.0</td>
<td>0.0</td>
<td>0</td>
<td>0</td>
<td>?</td>
<td>I<</td>
<td>17:58</td>
<td>0:00</td>
<td>[scsi_tmf_31]</td>
</tr>
<td>root</td>
<td>310</td>
<td>0.0</td>
<td>0.0</td>
<td>0</td>
<td>0</td>
<td>?</td>
<td>I<</td>
<td>17:58</td>
<td>0:00</td>
<td>[kworker/3:1H-kblockd]</td>
</tr>
<td>root</td>
<td>312</td>
<td>0.0</td>
<td>0.0</td>
<td>0</td>
<td>0</td>
<td>?</td>
<td>S</td>
<td>17:58</td>
<td>0:00</td>
<td>[scsi_eh_32]</td>
</tr>
<td>root</td>
<td>313</td>
<td>0.0</td>
<td>0.0</td>
<td>0</td>
<td>0</td>
<td>?</td>
<td>I<</td>
<td>17:58</td>
<td>0:00</td>
<td>[scsi_tmf_32]</td>
</tr>
<td>root</td>
<td>340</td>
<td>0.0</td>
<td>0.0</td>
<td>0</td>
<td>0</td>
<td>?</td>
<td>S</td>
<td>17:58</td>
<td>0:00</td>
<td>[jbd2/sda5-8]</td>
</tr>
<td>root</td>
<td>341</td>
<td>0.0</td>
<td>0.0</td>
<td>0</td>
<td>0</td>
<td>?</td>
<td>I<</td>
<td>17:58</td>
<td>0:00</td>
<td>[ext4-rsv-conver]</td>
</tr>
<td>root</td>
<td>390</td>
<td>0.0</td>
<td>0.2</td>
<td>45516</td>
<td>18996</td>
<td>?</td>
<td>S<s</td>
<td>17:58</td>
<td>0:00</td>
<td>/lib/systemd/systemd-journald</td>
</tr>
<td>root</td>
<td>407</td>
<td>0.0</td>
<td>0.0</td>
<td>0</td>
<td>0</td>
<td>?</td>
<td>I<</td>
<td>17:58</td>
<td>0:00</td>
<td>[rpciod]</td>
</tr>
<td>root</td>
<td>408</td>
<td>0.0</td>
<td>0.0</td>
<td>0</td>
<td>0</td>
<td>?</td>
<td>I<</td>
<td>17:58</td>
<td>0:00</td>
<td>[xprtiod]</td>
</tr>
<td>root</td>
<td>415</td>
<td>0.0</td>
<td>0.1</td>
<td>27012</td>
<td>8228</td>
<td>?</td>
<td>Ss</td>
<td>17:58</td>
<td>0:00</td>
<td>/lib/systemd/systemd-udevd</td>
</tr>
<td>root</td>
<td>417</td>
<td>0.0</td>
<td>0.0</td>
<td>0</td>
<td>0</td>
<td>?</td>
<td>S</td>
<td>17:58</td>
<td>0:00</td>
<td>[irq/16-vmwgfx]</td>
</tr>
<td>root</td>
<td>418</td>
<td>0.0</td>
<td>0.0</td>
<td>0</td>
<td>0</td>
<td>?</td>
<td>I<</td>
<td>17:58</td>
<td>0:00</td>
<td>[ttm_swap]</td>
</tr>
<td>root</td>
<td>419</td>
<td>0.0</td>
<td>0.0</td>
<td>0</td>
<td>0</td>
<td>?</td>
<td>S</td>
<td>17:58</td>
<td>0:00</td>
<td>[card0-crtc0]</td>
</tr>
<td>root</td>
<td>420</td>
<td>0.0</td>
<td>0.0</td>
<td>0</td>
<td>0</td>
<td>?</td>
<td>S</td>
<td>17:58</td>
<td>0:00</td>
<td>[card0-crtc1]</td>
</tr>
<td>root</td>
<td>421</td>
<td>0.0</td>
<td>0.0</td>
<td>0</td>
<td>0</td>
<td>?</td>
<td>S</td>
<td>17:58</td>
<td>0:00</td>
<td>[card0-crtc2]</td>
</tr>
<td>root</td>
<td>424</td>
<td>0.0</td>
<td>0.0</td>
<td>0</td>
<td>0</td>
<td>?</td>
<td>S<</td>
<td>17:58</td>
<td>0:00</td>
<td>[loop0]</td>
</tr>
<td>root</td>
<td>426</td>
<td>0.0</td>
<td>0.0</td>
<td>0</td>
<td>0</td>
<td>?</td>
<td>S</td>
<td>17:58</td>
<td>0:00</td>
<td>[card0-crtc3]</td>
</tr>
<td>root</td>
<td>429</td>
<td>0.0</td>
<td>0.0</td>
<td>0</td>
<td>0</td>
<td>?</td>
<td>S</td>
<td>17:58</td>
<td>0:00</td>
<td>[card0-crtc4]</td>
</tr>
<td>root</td>
<td>431</td>
<td>0.0</td>
<td>0.0</td>
<td>0</td>
<td>0</td>
<td>?</td>
<td>S</td>
<td>17:58</td>
<td>0:00</td>
<td>[card0-crtc5]</td>
</tr>
<td>root</td>
<td>432</td>
<td>0.0</td>
<td>0.0</td>
<td>0</td>
<td>0</td>
<td>?</td>
<td>S</td>
<td>17:58</td>
<td>0:00</td>
<td>[card0-crtc6]</td>
</tr>
<td>root</td>
<td>433</td>
<td>0.0</td>
<td>0.0</td>
<td>0</td>
<td>0</td>
<td>?</td>
<td>S</td>
<td>17:58</td>
<td>0:00</td>
<td>[card0-crtc7]</td>
</tr>
<td>root</td>
<td>437</td>
<td>0.0</td>
<td>0.0</td>
<td>0</td>
<td>0</td>
<td>?</td>
<td>S<</td>
<td>17:58</td>
<td>0:00</td>
<td>[loop1]</td>
</tr>
<td>root</td>
<td>448</td>
<td>0.0</td>
<td>0.0</td>
<td>0</td>
<td>0</td>
<td>?</td>
<td>S<</td>
<td>17:58</td>
<td>0:00</td>
<td>[loop2]</td>
</tr>
<td>root</td>
<td>452</td>
<td>0.0</td>
<td>0.0</td>
<td>150668</td>
<td>280</td>
<td>?</td>
<td>Ssl</td>
<td>17:58</td>
<td>0:00</td>
<td>vmware-vmblock-fuse /run/vmblock-fuse -o rw,subtype=vmware-vmblock,default_permissions,allow_other,dev,suid</td>
</tr>
<td>root</td>
<td>456</td>
<td>0.0</td>
<td>0.0</td>
<td>0</td>
<td>0</td>
<td>?</td>
<td>S<</td>
<td>17:58</td>
<td>0:00</td>
<td>[loop3]</td>
</tr>
<td>root</td>
<td>472</td>
<td>0.0</td>
<td>0.0</td>
<td>0</td>
<td>0</td>
<td>?</td>
<td>S<</td>
<td>17:58</td>
<td>0:00</td>
<td>[loop4]</td>
</tr>
<td>root</td>
<td>473</td>
<td>0.0</td>
<td>0.0</td>
<td>0</td>
<td>0</td>
<td>?</td>
<td>S<</td>
<td>17:58</td>
<td>0:00</td>
<td>[loop5]</td>
</tr>
<td>root</td>
<td>485</td>
<td>0.0</td>
<td>0.0</td>
<td>0</td>
<td>0</td>
<td>?</td>
<td>S<</td>
<td>17:58</td>
<td>0:00</td>
<td>[loop6]</td>
</tr>
<td>root</td>
<td>488</td>
<td>0.0</td>
<td>0.0</td>
<td>0</td>
<td>0</td>
<td>?</td>
<td>S<</td>
<td>17:58</td>
<td>0:00</td>
<td>[loop7]</td>
</tr>
<td>root</td>
<td>505</td>
<td>0.0</td>
<td>0.0</td>
<td>0</td>
<td>0</td>
<td>?</td>
<td>S<</td>
<td>17:58</td>
<td>0:00</td>
<td>[loop8]</td>
</tr>
<td>root</td>
<td>525</td>
<td>0.0</td>
<td>0.0</td>
<td>0</td>
<td>0</td>
<td>?</td>
<td>S<</td>
<td>17:58</td>
<td>0:00</td>
<td>[loop9]</td>
</tr>
<td>root</td>
<td>530</td>
<td>0.0</td>
<td>0.0</td>
<td>0</td>
<td>0</td>
<td>?</td>
<td>S<</td>
<td>17:58</td>
<td>0:00</td>
<td>[loop10]</td>
</tr>
<td>root</td>
<td>535</td>
<td>0.0</td>
<td>0.0</td>
<td>0</td>
<td>0</td>
<td>?</td>
<td>S<</td>
<td>17:58</td>
<td>0:00</td>
<td>[loop11]</td>
</tr>
<td>root</td>
<td>544</td>
<td>0.0</td>
<td>0.0</td>
<td>0</td>
<td>0</td>
<td>?</td>
<td>S<</td>
<td>17:58</td>
<td>0:00</td>
<td>[loop12]</td>
</tr>
<td>root</td>
<td>549</td>
<td>0.0</td>
<td>0.0</td>
<td>0</td>
<td>0</td>
<td>?</td>
<td>S<</td>
<td>17:58</td>
<td>0:00</td>
<td>[loop13]</td>
</tr>
<td>root</td>
<td>573</td>
<td>0.0</td>
<td>0.0</td>
<td>0</td>
<td>0</td>
<td>?</td>
<td>S<</td>
<td>17:58</td>
<td>0:00</td>
<td>[loop14]</td>
</tr>
<td>root</td>
<td>601</td>
<td>0.0</td>
<td>0.0</td>
<td>0</td>
<td>0</td>
<td>?</td>
<td>I<</td>
<td>17:58</td>
<td>0:00</td>
<td>[cryptd]</td>
</tr>
<td>root</td>
<td>697</td>
<td>0.0</td>
<td>0.0</td>
<td>0</td>
<td>0</td>
<td>?</td>
<td>I<</td>
<td>17:58</td>
<td>0:00</td>
<td>[nfit]</td>
</tr>
<td>_rpc</td>
<td>762</td>
<td>0.0</td>
<td>0.0</td>
<td>7112</td>
<td>3828</td>
<td>?</td>
<td>Ss</td>
<td>17:58</td>
<td>0:00</td>
<td>/sbin/rpcbind -f -w</td>
</tr>
<td>systemd+</td>
<td>763</td>
<td>0.0</td>
<td>0.1</td>
<td>23904</td>
<td>13100</td>
<td>?</td>
<td>Ss</td>
<td>17:58</td>
<td>0:00</td>
<td>/lib/systemd/systemd-resolved</td>
</tr>
<td>fotorac+</td>
<td>765</td>
<td>0.0</td>
<td>0.0</td>
<td>90584</td>
<td>6328</td>
<td>?</td>
<td>Ssl</td>
<td>17:58</td>
<td>0:00</td>
<td>/lib/systemd/systemd-timesyncd</td>
</tr>
<td>root</td>
<td>774</td>
<td>0.0</td>
<td>0.1</td>
<td>61512</td>
<td>10936</td>
<td>?</td>
<td>Ss</td>
<td>17:58</td>
<td>0:00</td>
<td>/usr/bin/VGAuthService</td>
</tr>
<td>root</td>
<td>777</td>
<td>0.0</td>
<td>0.0</td>
<td>177120</td>
<td>8064</td>
<td>?</td>
<td>Ssl</td>
<td>17:58</td>
<td>0:01</td>
<td>/usr/bin/vmtoolsd</td>
</tr>
<td>root</td>
<td>799</td>
<td>0.0</td>
<td>0.0</td>
<td>2548</td>
<td>840</td>
<td>?</td>
<td>Ss</td>
<td>17:58</td>
<td>0:00</td>
<td>/usr/sbin/acpid</td>
</tr>
<td>avahi</td>
<td>804</td>
<td>0.0</td>
<td>0.0</td>
<td>11136</td>
<td>3896</td>
<td>?</td>
<td>Ss</td>
<td>17:58</td>
<td>0:00</td>
<td>avahi-daemon: running [jwdmudbl21-9.local]</td>
</tr>
<td>root</td>
<td>805</td>
<td>0.0</td>
<td>0.1</td>
<td>40340</td>
<td>10176</td>
<td>?</td>
<td>Ss</td>
<td>17:58</td>
<td>0:00</td>
<td>/usr/sbin/cupsd -l</td>
</tr>
<td>message+</td>
<td>806</td>
<td>0.0</td>
<td>0.0</td>
<td>14336</td>
<td>7604</td>
<td>?</td>
<td>Ss</td>
<td>17:58</td>
<td>0:00</td>
<td>/usr/bin/dbus-daemon --system --address=systemd: --nofork --nopidfile --systemd-activation --syslog-only</td>
</tr>
<td>root</td>
<td>807</td>
<td>0.0</td>
<td>0.2</td>
<td>350124</td>
<td>22260</td>
<td>?</td>
<td>Ssl</td>
<td>17:58</td>
<td>0:00</td>
<td>/usr/sbin/NetworkManager --no-daemon</td>
</tr>
<td>root</td>
<td>816</td>
<td>0.0</td>
<td>0.0</td>
<td>81968</td>
<td>3696</td>
<td>?</td>
<td>Ssl</td>
<td>17:58</td>
<td>0:00</td>
<td>/usr/sbin/irqbalance --foreground</td>
</tr>
<td>root</td>
<td>817</td>
<td>0.0</td>
<td>0.2</td>
<td>50572</td>
<td>20656</td>
<td>?</td>
<td>Ss</td>
<td>17:58</td>
<td>0:00</td>
<td>/usr/bin/python3 /usr/bin/networkd-dispatcher --run-startup-triggers</td>
</tr>
<td>root</td>
<td>818</td>
<td>0.0</td>
<td>0.1</td>
<td>241704</td>
<td>12500</td>
<td>?</td>
<td>Ssl</td>
<td>17:58</td>
<td>0:00</td>
<td>/usr/lib/policykit-1/polkitd --no-debug</td>
</tr>
<td>syslog</td>
<td>820</td>
<td>0.0</td>
<td>0.0</td>
<td>226984</td>
<td>5952</td>
<td>?</td>
<td>Ssl</td>
<td>17:58</td>
<td>0:00</td>
<td>/usr/sbin/rsyslogd -n -iNONE</td>
</tr>
<td>root</td>
<td>822</td>
<td>0.0</td>
<td>0.4</td>
<td>1097788</td>
<td>39780</td>
<td>?</td>
<td>Ssl</td>
<td>17:58</td>
<td>0:01</td>
<td>/usr/lib/snapd/snapd</td>
</tr>
<td>root</td>
<td>823</td>
<td>0.0</td>
<td>0.0</td>
<td>244240</td>
<td>6036</td>
<td>?</td>
<td>Ssl</td>
<td>17:58</td>
<td>0:00</td>
<td>/usr/libexec/switcheroo-control</td>
</tr>
<td>root</td>
<td>824</td>
<td>0.0</td>
<td>0.0</td>
<td>16336</td>
<td>5900</td>
<td>?</td>
<td>Ss</td>
<td>17:58</td>
<td>0:00</td>
<td>/lib/systemd/systemd-machined</td>
</tr>
<td>root</td>
<td>827</td>
<td>0.0</td>
<td>0.1</td>
<td>398252</td>
<td>14688</td>
<td>?</td>
<td>Ssl</td>
<td>17:58</td>
<td>0:00</td>
<td>/usr/lib/udisks2/udisksd</td>
</tr>
<td>root</td>
<td>829</td>
<td>0.0</td>
<td>0.0</td>
<td>13688</td>
<td>5068</td>
<td>?</td>
<td>Ss</td>
<td>17:58</td>
<td>0:00</td>
<td>/sbin/wpa_supplicant -u -s -O /run/wpa_supplicant</td>
</tr>
<td>avahi</td>
<td>835</td>
<td>0.0</td>
<td>0.0</td>
<td>11004</td>
<td>356</td>
<td>?</td>
<td>S</td>
<td>17:58</td>
<td>0:00</td>
<td>avahi-daemon: chroot helper</td>
</tr>
<td>root</td>
<td>887</td>
<td>0.0</td>
<td>0.0</td>
<td>451828</td>
<td>5020</td>
<td>?</td>
<td>Ssl</td>
<td>17:58</td>
<td>0:00</td>
<td>/usr/libexec/karl --pidfile /var/run/karl.pid</td>
</tr>
<td>root</td>
<td>904</td>
<td>0.0</td>
<td>0.1</td>
<td>180892</td>
<td>13248</td>
<td>?</td>
<td>Ssl</td>
<td>17:58</td>
<td>0:00</td>
<td>/usr/sbin/cups-browsed</td>
</tr>
<td>colord</td>
<td>905</td>
<td>0.0</td>
<td>0.2</td>
<td>260176</td>
<td>16872</td>
<td>?</td>
<td>Ssl</td>
<td>17:58</td>
<td>0:00</td>
<td>/usr/libexec/colord</td>
</tr>
<td>root</td>
<td>907</td>
<td>0.0</td>
<td>0.1</td>
<td>314444</td>
<td>10720</td>
<td>?</td>
<td>Ssl</td>
<td>17:58</td>
<td>0:00</td>
<td>/usr/sbin/ModemManager</td>
</tr>
<td>root</td>
<td>918</td>
<td>0.0</td>
<td>0.6</td>
<td>1197248</td>
<td>50224</td>
<td>?</td>
<td>Ssl</td>
<td>17:58</td>
<td>0:03</td>
<td>/usr/bin/containerd</td>
</tr>
<td>uml-net</td>
<td>946</td>
<td>0.0</td>
<td>0.0</td>
<td>2508</td>
<td>704</td>
<td>?</td>
<td>S</td>
<td>17:58</td>
<td>0:00</td>
<td>/usr/bin/uml_switch -unix /var/run/uml-utilities/uml_switch.ctl</td>
</tr>
<td>root</td>
<td>948</td>
<td>0.0</td>
<td>0.0</td>
<td>14488</td>
<td>7076</td>
<td>?</td>
<td>Ss</td>
<td>17:58</td>
<td>0:00</td>
<td>sshd: /usr/sbin/sshd -D [listener] 0 of 10-100 startups</td>
</tr>
<td>mysql</td>
<td>967</td>
<td>0.0</td>
<td>4.9</td>
<td>2093940</td>
<td>405000</td>
<td>?</td>
<td>Ssl</td>
<td>17:58</td>
<td>0:03</td>
<td>/usr/sbin/mysqld</td>
</tr>
<td>mongodb</td>
<td>974</td>
<td>0.3</td>
<td>1.3</td>
<td>1540928</td>
<td>111120</td>
<td>?</td>
<td>Ssl</td>
<td>17:58</td>
<td>0:15</td>
<td>/usr/bin/mongod --config /etc/mongod.conf</td>
</tr>
<td>whoopsie</td>
<td>978</td>
<td>0.0</td>
<td>0.6</td>
<td>310068</td>
<td>49924</td>
<td>?</td>
<td>Ssl</td>
<td>17:58</td>
<td>0:00</td>
<td>/usr/bin/whoopsie -f</td>
</tr>
<td>kernoops</td>
<td>992</td>
<td>0.0</td>
<td>0.0</td>
<td>11264</td>
<td>448</td>
<td>?</td>
<td>Ss</td>
<td>17:58</td>
<td>0:00</td>
<td>/usr/sbin/kerneloops --test</td>
</tr>
<td>root</td>
<td>994</td>
<td>0.0</td>
<td>0.6</td>
<td>1322424</td>
<td>55624</td>
<td>?</td>
<td>Ssl</td>
<td>17:58</td>
<td>0:00</td>
<td>/usr/sbin/automount --pid-file /var/run/autofs.pid</td>
</tr>
<td>kernoops</td>
<td>999</td>
<td>0.0</td>
<td>0.0</td>
<td>11264</td>
<td>452</td>
<td>?</td>
<td>Ss</td>
<td>17:58</td>
<td>0:00</td>
<td>/usr/sbin/kerneloops</td>
</tr>
<td>root</td>
<td>1102</td>
<td>0.0</td>
<td>0.1</td>
<td>39164</td>
<td>11224</td>
<td>?</td>
<td>Ss</td>
<td>17:58</td>
<td>0:00</td>
<td>/opt/quest/sbin/.vasd -p /var/opt/quest/vas/vasd/.vasd.pid -w</td>
</tr>
<td>root</td>
<td>1145</td>
<td>0.0</td>
<td>1.1</td>
<td>1097532</td>
<td>92568</td>
<td>?</td>
<td>Ssl</td>
<td>17:58</td>
<td>0:00</td>
<td>/usr/bin/dockerd -H fd:// --containerd=/run/containerd/containerd.sock</td>
</tr>
<td>lp</td>
<td>1156</td>
<td>0.0</td>
<td>0.0</td>
<td>17876</td>
<td>6832</td>
<td>?</td>
<td>S</td>
<td>17:58</td>
<td>0:00</td>
<td>/usr/lib/cups/notifier/dbus dbus://</td>
</tr>
<td>root</td>
<td>1180</td>
<td>0.0</td>
<td>0.1</td>
<td>75180</td>
<td>8196</td>
<td>?</td>
<td>S</td>
<td>17:58</td>
<td>0:00</td>
<td>/opt/ds_agent/ds_agent -w /var/opt/ds_agent -b -i -e /opt/ds_agent/ext</td>
</tr>
<td>root</td>
<td>1181</td>
<td>0.4</td>
<td>1.9</td>
<td>513576</td>
<td>155360</td>
<td>?</td>
<td>Sl</td>
<td>17:58</td>
<td>0:23</td>
<td>/opt/ds_agent/ds_agent -w /var/opt/ds_agent -b -i -e /opt/ds_agent/ext</td>
</tr>
<td>daemon</td>
<td>1207</td>
<td>0.0</td>
<td>0.1</td>
<td>38988</td>
<td>11364</td>
<td>?</td>
<td>S</td>
<td>17:58</td>
<td>0:02</td>
<td>/opt/quest/sbin/.vasd -C 1</td>
</tr>
<td>daemon</td>
<td>1224</td>
<td>0.0</td>
<td>0.1</td>
<td>39652</td>
<td>12220</td>
<td>?</td>
<td>S</td>
<td>17:58</td>
<td>0:00</td>
<td>/opt/quest/sbin/.vasd -C 2</td>
</tr>
<td>daemon</td>
<td>1225</td>
<td>0.0</td>
<td>0.1</td>
<td>39592</td>
<td>13772</td>
<td>?</td>
<td>S</td>
<td>17:58</td>
<td>0:01</td>
<td>/opt/quest/sbin/.vasd -C 3</td>
</tr>
<td>daemon</td>
<td>1226</td>
<td>0.0</td>
<td>0.2</td>
<td>43292</td>
<td>16912</td>
<td>?</td>
<td>S</td>
<td>17:58</td>
<td>0:00</td>
<td>/opt/quest/sbin/.vasd -C 3</td>
</tr>
<td>daemon</td>
<td>1227</td>
<td>0.0</td>
<td>0.1</td>
<td>39424</td>
<td>12224</td>
<td>?</td>
<td>S</td>
<td>17:58</td>
<td>0:00</td>
<td>/opt/quest/sbin/.vasd -C 5</td>
</tr>
<td>root</td>
<td>1250</td>
<td>0.0</td>
<td>0.1</td>
<td>253176</td>
<td>9804</td>
<td>?</td>
<td>Ssl</td>
<td>17:58</td>
<td>0:00</td>
<td>/usr/lib/accountsservice/accounts-daemon</td>
</tr>
<td>root</td>
<td>1251</td>
<td>0.0</td>
<td>0.0</td>
<td>20748</td>
<td>3404</td>
<td>?</td>
<td>Ss</td>
<td>17:58</td>
<td>0:00</td>
<td>/usr/sbin/cron -f</td>
</tr>
<td>root</td>
<td>1252</td>
<td>0.0</td>
<td>0.1</td>
<td>19196</td>
<td>8604</td>
<td>?</td>
<td>Ss</td>
<td>17:58</td>
<td>0:00</td>
<td>/lib/systemd/systemd-logind</td>
</tr>
<td>root</td>
<td>1268</td>
<td>0.0</td>
<td>0.4</td>
<td>1570180</td>
<td>36104</td>
<td>?</td>
<td>Ssl</td>
<td>17:58</td>
<td>0:00</td>
<td>/usr/sbin/libvirtd</td>
</tr>
<td>root</td>
<td>1269</td>
<td>0.0</td>
<td>0.2</td>
<td>129204</td>
<td>23316</td>
<td>?</td>
<td>Ssl</td>
<td>17:58</td>
<td>0:00</td>
<td>/usr/bin/python3 /usr/share/unattended-upgrades/unattended-upgrade-shutdown --wait-for-signal</td>
</tr>
<td>root</td>
<td>1384</td>
<td>0.0</td>
<td>0.0</td>
<td>0</td>
<td>0</td>
<td>?</td>
<td>S</td>
<td>17:58</td>
<td>0:00</td>
<td>[ds_kproc]</td>
</tr>
<td>root</td>
<td>1397</td>
<td>0.0</td>
<td>0.0</td>
<td>0</td>
<td>0</td>
<td>?</td>
<td>S</td>
<td>17:58</td>
<td>0:00</td>
<td>[ds_kmemcg]</td>
</tr>
<td>root</td>
<td>1640</td>
<td>0.0</td>
<td>0.1</td>
<td>324492</td>
<td>9136</td>
<td>?</td>
<td>Ssl</td>
<td>17:58</td>
<td>0:00</td>
<td>/usr/sbin/gdm3</td>
</tr>
<td>root</td>
<td>1667</td>
<td>0.3</td>
<td>2.6</td>
<td>4167896</td>
<td>215892</td>
<td>?</td>
<td>Ssl</td>
<td>17:58</td>
<td>0:15</td>
<td>/usr/lib/vmware/viewagent/jre/bin/java -Dfile.encoding=UTF-8 -Djuds.folder.preferred=/usr/lib/vmware/viewagent/java -showversion -Xmx512m -XX:+UseG1GC -cp *: com.vmware.vdi.agent.standalone.StandaloneAgent -c /etc/vmware/viewagent-config.txt</td>
</tr>
<td>root</td>
<td>1703</td>
<td>0.0</td>
<td>0.0</td>
<td>2496</td>
<td>584</td>
<td>?</td>
<td>S</td>
<td>17:58</td>
<td>0:00</td>
<td>bpfilter_umh</td>
</tr>
<td>root</td>
<td>1708</td>
<td>0.0</td>
<td>0.1</td>
<td>182188</td>
<td>9632</td>
<td>?</td>
<td>Sl</td>
<td>17:58</td>
<td>0:00</td>
<td>gdm-session-worker [pam/gdm-launch-environment]</td>
</tr>
<td>root</td>
<td>1812</td>
<td>0.0</td>
<td>0.0</td>
<td>113712</td>
<td>7284</td>
<td>?</td>
<td>Sl</td>
<td>17:58</td>
<td>0:00</td>
<td>/usr/bin/containerd-shim-runc-v2 -namespace plugins.moby -id d1324bf8a5a84f753983710ac70570811583adfb959634d46b2aa8071ef3692b -address /run/containerd/containerd.sock</td>
</tr>
<td>root</td>
<td>1880</td>
<td>0.0</td>
<td>0.0</td>
<td>3740</td>
<td>2712</td>
<td>?</td>
<td>Ss</td>
<td>17:58</td>
<td>0:00</td>
<td>/bin/bash ./entrypoint.sh</td>
</tr>
<td>root</td>
<td>1923</td>
<td>0.0</td>
<td>0.0</td>
<td>482296</td>
<td>6888</td>
<td>?</td>
<td>Sl</td>
<td>17:58</td>
<td>0:00</td>
<td>./katharanp</td>
</tr>
<td>libvirt+</td>
<td>1947</td>
<td>0.0</td>
<td>0.0</td>
<td>11900</td>
<td>2180</td>
<td>?</td>
<td>S</td>
<td>17:58</td>
<td>0:00</td>
<td>/usr/sbin/dnsmasq --conf-file=/var/lib/libvirt/dnsmasq/default.conf --leasefile-ro --dhcp-script=/usr/lib/libvirt/libvirt_leaseshelper</td>
</tr>
<td>root</td>
<td>1949</td>
<td>0.0</td>
<td>0.0</td>
<td>11872</td>
<td>364</td>
<td>?</td>
<td>S</td>
<td>17:58</td>
<td>0:00</td>
<td>/usr/sbin/dnsmasq --conf-file=/var/lib/libvirt/dnsmasq/default.conf --leasefile-ro --dhcp-script=/usr/lib/libvirt/libvirt_leaseshelper</td>
</tr>
<td>gdm</td>
<td>2105</td>
<td>0.0</td>
<td>0.1</td>
<td>18652</td>
<td>9984</td>
<td>?</td>
<td>Ss</td>
<td>17:58</td>
<td>0:00</td>
<td>/lib/systemd/systemd --user</td>
</tr>
<td>gdm</td>
<td>2151</td>
<td>0.0</td>
<td>0.0</td>
<td>176288</td>
<td>4100</td>
<td>?</td>
<td>S</td>
<td>17:58</td>
<td>0:00</td>
<td>(sd-pam)</td>
</tr>
<td>gdm</td>
<td>2168</td>
<td>0.0</td>
<td>0.1</td>
<td>813500</td>
<td>14408</td>
<td>?</td>
<td>S<sl</td>
<td>17:58</td>
<td>0:00</td>
<td>/usr/bin/pulseaudio --daemonize=no --log-target=journal</td>
</tr>
<td>gdm</td>
<td>2170</td>
<td>0.0</td>
<td>0.3</td>
<td>520176</td>
<td>24696</td>
<td>?</td>
<td>SNsl</td>
<td>17:58</td>
<td>0:00</td>
<td>/usr/libexec/tracker-miner-fs</td>
</tr>
<td>gdm</td>
<td>2177</td>
<td>0.0</td>
<td>0.0</td>
<td>10044</td>
<td>4940</td>
<td>?</td>
<td>Ss</td>
<td>17:58</td>
<td>0:00</td>
<td>/usr/bin/dbus-daemon --session --address=systemd: --nofork --nopidfile --systemd-activation --syslog-only</td>
</tr>
<td>rtkit</td>
<td>2185</td>
<td>0.0</td>
<td>0.0</td>
<td>155592</td>
<td>3428</td>
<td>?</td>
<td>SNsl</td>
<td>17:58</td>
<td>0:00</td>
<td>/usr/libexec/rtkit-daemon</td>
</tr>
<td>gdm</td>
<td>2189</td>
<td>0.0</td>
<td>0.0</td>
<td>172692</td>
<td>6624</td>
<td>tty1</td>
<td>Ssl+</td>
<td>17:58</td>
<td>0:00</td>
<td>/usr/lib/gdm3/gdm-x-session dbus-run-session -- gnome-session --autostart /usr/share/gdm/greeter/autostart</td>
</tr>
<td>gdm</td>
<td>2191</td>
<td>0.0</td>
<td>0.7</td>
<td>1126164</td>
<td>57596</td>
<td>tty1</td>
<td>Sl+</td>
<td>17:58</td>
<td>0:00</td>
<td>/usr/lib/xorg/Xorg vt1 -displayfd 3 -auth /run/user/125/gdm/Xauthority -background none -noreset -keeptty -verbose 3</td>
</tr>
<td>gdm</td>
<td>2194</td>
<td>0.0</td>
<td>0.0</td>
<td>248364</td>
<td>7632</td>
<td>?</td>
<td>Ssl</td>
<td>17:58</td>
<td>0:00</td>
<td>/usr/libexec/gvfsd</td>
</tr>
<td>gdm</td>
<td>2206</td>
<td>0.0</td>
<td>0.1</td>
<td>316528</td>
<td>8516</td>
<td>?</td>
<td>Sl</td>
<td>17:58</td>
<td>0:00</td>
<td>/usr/libexec/gvfsd-fuse /run/user/125/gvfs -f -o big_writes</td>
</tr>
<td>gdm</td>
<td>2222</td>
<td>0.0</td>
<td>0.1</td>
<td>328652</td>
<td>11972</td>
<td>?</td>
<td>Ssl</td>
<td>17:58</td>
<td>0:00</td>
<td>/usr/libexec/gvfs-udisks2-volume-monitor</td>
</tr>
<td>gdm</td>
<td>2243</td>
<td>0.0</td>
<td>0.0</td>
<td>246588</td>
<td>6332</td>
<td>?</td>
<td>Ssl</td>
<td>17:58</td>
<td>0:00</td>
<td>/usr/libexec/gvfs-gphoto2-volume-monitor</td>
</tr>
<td>gdm</td>
<td>2247</td>
<td>0.0</td>
<td>0.1</td>
<td>325396</td>
<td>8780</td>
<td>?</td>
<td>Ssl</td>
<td>17:58</td>
<td>0:00</td>
<td>/usr/libexec/gvfs-afc-volume-monitor</td>
</tr>
<td>gdm</td>
<td>2252</td>
<td>0.0</td>
<td>0.0</td>
<td>244548</td>
<td>6188</td>
<td>?</td>
<td>Ssl</td>
<td>17:58</td>
<td>0:00</td>
<td>/usr/libexec/gvfs-goa-volume-monitor</td>
</tr>
<td>gdm</td>
<td>2256</td>
<td>0.0</td>
<td>0.4</td>
<td>555988</td>
<td>36856</td>
<td>?</td>
<td>Sl</td>
<td>17:58</td>
<td>0:00</td>
<td>/usr/libexec/goa-daemon</td>
</tr>
<td>gdm</td>
<td>2331</td>
<td>0.0</td>
<td>0.1</td>
<td>401016</td>
<td>11760</td>
<td>?</td>
<td>Sl</td>
<td>17:58</td>
<td>0:00</td>
<td>/usr/libexec/goa-identity-service</td>
</tr>
<td>gdm</td>
<td>2350</td>
<td>0.0</td>
<td>0.0</td>
<td>244312</td>
<td>5524</td>
<td>?</td>
<td>Ssl</td>
<td>17:58</td>
<td>0:00</td>
<td>/usr/libexec/gvfs-mtp-volume-monitor</td>
</tr>
<td>root</td>
<td>2370</td>
<td>0.0</td>
<td>0.1</td>
<td>326196</td>
<td>9652</td>
<td>?</td>
<td>Ssl</td>
<td>17:58</td>
<td>0:00</td>
<td>/usr/lib/upower/upowerd</td>
</tr>
<td>gdm</td>
<td>2371</td>
<td>0.0</td>
<td>0.0</td>
<td>5300</td>
<td>1116</td>
<td>tty1</td>
<td>S+</td>
<td>17:58</td>
<td>0:00</td>
<td>dbus-run-session -- gnome-session --autostart /usr/share/gdm/greeter/autostart</td>
</tr>
<td>gdm</td>
<td>2372</td>
<td>0.0</td>
<td>0.0</td>
<td>10176</td>
<td>5120</td>
<td>tty1</td>
<td>S+</td>
<td>17:58</td>
<td>0:00</td>
<td>dbus-daemon --nofork --print-address 4 --session</td>
</tr>
<td>gdm</td>
<td>2375</td>
<td>0.0</td>
<td>0.2</td>
<td>421292</td>
<td>17108</td>
<td>tty1</td>
<td>Sl+</td>
<td>17:58</td>
<td>0:00</td>
<td>/usr/libexec/gnome-session-binary --systemd --autostart /usr/share/gdm/greeter/autostart</td>
</tr>
<td>gdm</td>
<td>2564</td>
<td>0.0</td>
<td>0.1</td>
<td>309544</td>
<td>9164</td>
<td>tty1</td>
<td>Sl+</td>
<td>17:58</td>
<td>0:00</td>
<td>/usr/libexec/at-spi-bus-launcher</td>
</tr>
<td>gdm</td>
<td>2582</td>
<td>0.0</td>
<td>0.0</td>
<td>9900</td>
<td>4388</td>
<td>tty1</td>
<td>S+</td>
<td>17:58</td>
<td>0:00</td>
<td>/usr/bin/dbus-daemon --config-file=/usr/share/defaults/at-spi2/accessibility.conf --nofork --print-address 3</td>
</tr>
<td>gdm</td>
<td>2652</td>
<td>0.0</td>
<td>2.6</td>
<td>4790800</td>
<td>211920</td>
<td>tty1</td>
<td>Sl+</td>
<td>17:58</td>
<td>0:02</td>
<td>/usr/bin/gnome-shell</td>
</tr>
<td>gdm</td>
<td>2752</td>
<td>0.0</td>
<td>0.1</td>
<td>325760</td>
<td>10548</td>
<td>tty1</td>
<td>Sl</td>
<td>17:58</td>
<td>0:00</td>
<td>ibus-daemon --panel disable --xim</td>
</tr>
<td>gdm</td>
<td>2755</td>
<td>0.0</td>
<td>0.1</td>
<td>248752</td>
<td>8452</td>
<td>tty1</td>
<td>Sl</td>
<td>17:58</td>
<td>0:00</td>
<td>/usr/libexec/ibus-dconf</td>
</tr>
<td>gdm</td>
<td>2757</td>
<td>0.0</td>
<td>0.2</td>
<td>198968</td>
<td>18436</td>
<td>tty1</td>
<td>Sl</td>
<td>17:58</td>
<td>0:00</td>
<td>/usr/libexec/ibus-x11 --kill-daemon</td>
</tr>
<td>gdm</td>
<td>2764</td>
<td>0.0</td>
<td>0.1</td>
<td>248732</td>
<td>8524</td>
<td>tty1</td>
<td>Sl+</td>
<td>17:58</td>
<td>0:00</td>
<td>/usr/libexec/ibus-portal</td>
</tr>
<td>root</td>
<td>2765</td>
<td>0.0</td>
<td>0.0</td>
<td>2892</td>
<td>1980</td>
<td>?</td>
<td>S</td>
<td>17:58</td>
<td>0:00</td>
<td>/bin/sh /usr/lib/vmware/viewagent/bin/GetMachineId.sh</td>
</tr>
<td>gdm</td>
<td>2775</td>
<td>0.0</td>
<td>0.0</td>
<td>162912</td>
<td>6472</td>
<td>tty1</td>
<td>Sl+</td>
<td>17:58</td>
<td>0:00</td>
<td>/usr/libexec/at-spi2-registryd --use-gnome-session</td>
</tr>
<td>gdm</td>
<td>2803</td>
<td>0.0</td>
<td>0.0</td>
<td>244240</td>
<td>4608</td>
<td>tty1</td>
<td>Sl+</td>
<td>17:58</td>
<td>0:00</td>
<td>/usr/libexec/xdg-permission-store</td>
</tr>
<td>gdm</td>
<td>2816</td>
<td>0.0</td>
<td>0.3</td>
<td>2742308</td>
<td>26672</td>
<td>tty1</td>
<td>Sl+</td>
<td>17:58</td>
<td>0:00</td>
<td>/usr/bin/gjs /usr/share/gnome-shell/org.gnome.Shell.Notifications</td>
</tr>
<td>gdm</td>
<td>2830</td>
<td>0.0</td>
<td>0.1</td>
<td>477584</td>
<td>12432</td>
<td>tty1</td>
<td>Sl+</td>
<td>17:58</td>
<td>0:00</td>
<td>/usr/libexec/gsd-sharing</td>
</tr>
<td>gdm</td>
<td>2831</td>
<td>0.0</td>
<td>0.1</td>
<td>343776</td>
<td>15844</td>
<td>tty1</td>
<td>Sl+</td>
<td>17:58</td>
<td>0:00</td>
<td>/usr/libexec/gsd-wacom</td>
</tr>
<td>gdm</td>
<td>2833</td>
<td>0.0</td>
<td>0.2</td>
<td>635080</td>
<td>20360</td>
<td>tty1</td>
<td>Sl+</td>
<td>17:58</td>
<td>0:00</td>
<td>/usr/libexec/gsd-color</td>
</tr>
<td>gdm</td>
<td>2835</td>
<td>0.0</td>
<td>0.2</td>
<td>423012</td>
<td>19500</td>
<td>tty1</td>
<td>Sl+</td>
<td>17:58</td>
<td>0:00</td>
<td>/usr/libexec/gsd-keyboard</td>
</tr>
<td>gdm</td>
<td>2836</td>
<td>0.0</td>
<td>0.1</td>
<td>259468</td>
<td>11656</td>
<td>tty1</td>
<td>Sl+</td>
<td>17:58</td>
<td>0:00</td>
<td>/usr/libexec/gsd-print-notifications</td>
</tr>
<td>gdm</td>
<td>2838</td>
<td>0.0</td>
<td>0.0</td>
<td>465776</td>
<td>6156</td>
<td>tty1</td>
<td>Sl+</td>
<td>17:58</td>
<td>0:00</td>
<td>/usr/libexec/gsd-rfkill</td>
</tr>
<td>gdm</td>
<td>2843</td>
<td>0.0</td>
<td>0.1</td>
<td>326624</td>
<td>10292</td>
<td>tty1</td>
<td>Sl+</td>
<td>17:58</td>
<td>0:00</td>
<td>/usr/libexec/gsd-smartcard</td>
</tr>
<td>gdm</td>
<td>2846</td>
<td>0.0</td>
<td>0.2</td>
<td>382916</td>
<td>17036</td>
<td>tty1</td>
<td>Sl+</td>
<td>17:58</td>
<td>0:00</td>
<td>/usr/libexec/gsd-datetime</td>
</tr>
<td>gdm</td>
<td>2851</td>
<td>0.0</td>
<td>0.1</td>
<td>175056</td>
<td>8524</td>
<td>tty1</td>
<td>Sl</td>
<td>17:58</td>
<td>0:00</td>
<td>/usr/libexec/ibus-engine-simple</td>
</tr>
<td>gdm</td>
<td>2855</td>
<td>0.0</td>
<td>0.2</td>
<td>905320</td>
<td>22164</td>
<td>tty1</td>
<td>Sl+</td>
<td>17:58</td>
<td>0:00</td>
<td>/usr/libexec/gsd-media-keys</td>
</tr>
<td>gdm</td>
<td>2857</td>
<td>0.0</td>
<td>0.0</td>
<td>244184</td>
<td>5924</td>
<td>tty1</td>
<td>Sl+</td>
<td>17:58</td>
<td>0:00</td>
<td>/usr/libexec/gsd-screensaver-proxy</td>
</tr>
<td>gdm</td>
<td>2865</td>
<td>0.0</td>
<td>0.1</td>
<td>330332</td>
<td>11156</td>
<td>tty1</td>
<td>Sl+</td>
<td>17:58</td>
<td>0:00</td>
<td>/usr/libexec/gsd-sound</td>
</tr>
<td>gdm</td>
<td>2866</td>
<td>0.0</td>
<td>0.1</td>
<td>322464</td>
<td>9072</td>
<td>tty1</td>
<td>Sl+</td>
<td>17:58</td>
<td>0:00</td>
<td>/usr/libexec/gsd-a11y-settings</td>
</tr>
<td>gdm</td>
<td>2874</td>
<td>0.0</td>
<td>0.1</td>
<td>322632</td>
<td>9484</td>
<td>tty1</td>
<td>Sl+</td>
<td>17:58</td>
<td>0:00</td>
<td>/usr/libexec/gsd-housekeeping</td>
</tr>
<td>gdm</td>
<td>2877</td>
<td>0.0</td>
<td>0.2</td>
<td>350424</td>
<td>20488</td>
<td>tty1</td>
<td>Sl+</td>
<td>17:58</td>
<td>0:00</td>
<td>/usr/libexec/gsd-power</td>
</tr>
<td>gdm</td>
<td>2910</td>
<td>0.0</td>
<td>0.1</td>
<td>350864</td>
<td>14972</td>
<td>tty1</td>
<td>Sl+</td>
<td>17:58</td>
<td>0:00</td>
<td>/usr/libexec/gsd-printer</td>
</tr>
<td>root</td>
<td>2959</td>
<td>0.0</td>
<td>0.1</td>
<td>346864</td>
<td>11776</td>
<td>?</td>
<td>Sl</td>
<td>17:58</td>
<td>0:00</td>
<td>/usr/lib/vmware/viewagent/DesktopDaemon/desktopDaemon</td>
</tr>
<td>root</td>
<td>2961</td>
<td>0.0</td>
<td>0.1</td>
<td>651644</td>
<td>9380</td>
<td>?</td>
<td>Sl</td>
<td>17:58</td>
<td>0:00</td>
<td>/usr/lib/vmware/viewagent/VMwareBlastServer/BlastServer</td>
</tr>
<td>root</td>
<td>2986</td>
<td>0.0</td>
<td>0.0</td>
<td>231012</td>
<td>7344</td>
<td>?</td>
<td>Sl</td>
<td>17:58</td>
<td>0:00</td>
<td>desktopWorker -x /usr/lib/vmware/viewagent/bin/StartXServer.sh -d :100 -s 1 -p 13</td>
</tr>
<td>root</td>
<td>3004</td>
<td>0.0</td>
<td>1.2</td>
<td>1167428</td>
<td>101056</td>
<td>?</td>
<td>Sl</td>
<td>17:58</td>
<td>0:03</td>
<td>/usr/lib/xorg/Xorg :100 -auth /var/vmware/viewagent/xauth/.xauth:100 -once -query 127.0.0.1 -config /usr/lib/vmware/viewagent/resources/X11/xorg.conf -seat seat-vmwfake</td>
</tr>
<td>root</td>
<td>3448</td>
<td>0.0</td>
<td>0.0</td>
<td>43212</td>
<td>3268</td>
<td>?</td>
<td>S</td>
<td>17:59</td>
<td>0:00</td>
<td>/opt/ds_agent/ds_am -g ../diag -v 5 -d /var/opt/ds_agent/am -P 1 -R</td>
</tr>
<td>root</td>
<td>3463</td>
<td>0.8</td>
<td>1.7</td>
<td>2694068</td>
<td>143204</td>
<td>?</td>
<td>Sl</td>
<td>17:59</td>
<td>0:41</td>
<td>/opt/ds_agent/ds_am -g ../diag -v 5 -d /var/opt/ds_agent/am -P 1 -R</td>
</tr>
<td>root</td>
<td>3962</td>
<td>0.0</td>
<td>0.0</td>
<td>0</td>
<td>0</td>
<td>?</td>
<td>I</td>
<td>18:09</td>
<td>0:00</td>
<td>[kworker/2:2-events]</td>
</tr>
<td>root</td>
<td>3991</td>
<td>0.0</td>
<td>0.0</td>
<td>0</td>
<td>0</td>
<td>?</td>
<td>I</td>
<td>18:09</td>
<td>0:00</td>
<td>[kworker/0:1-events]</td>
</tr>
<td>root</td>
<td>4950</td>
<td>0.0</td>
<td>0.0</td>
<td>0</td>
<td>0</td>
<td>?</td>
<td>I</td>
<td>18:44</td>
<td>0:00</td>
<td>[kworker/0:0-cgroup_destroy]</td>
</tr>
<td>root</td>
<td>5021</td>
<td>0.0</td>
<td>0.0</td>
<td>0</td>
<td>0</td>
<td>?</td>
<td>I</td>
<td>18:47</td>
<td>0:00</td>
<td>[kworker/u256:2-rpciod]</td>
</tr>
<td>root</td>
<td>5170</td>
<td>0.0</td>
<td>0.0</td>
<td>0</td>
<td>0</td>
<td>?</td>
<td>I</td>
<td>18:53</td>
<td>0:00</td>
<td>[kworker/1:0-bmhook_wq]</td>
</tr>
<td>root</td>
<td>5346</td>
<td>0.0</td>
<td>0.0</td>
<td>0</td>
<td>0</td>
<td>?</td>
<td>I</td>
<td>18:59</td>
<td>0:00</td>
<td>[kworker/u256:0-nfsiod]</td>
</tr>
<td>root</td>
<td>5474</td>
<td>0.0</td>
<td>0.0</td>
<td>0</td>
<td>0</td>
<td>?</td>
<td>I</td>
<td>19:05</td>
<td>0:00</td>
<td>[kworker/u256:1-rpciod]</td>
</tr>
<td>root</td>
<td>5581</td>
<td>0.0</td>
<td>0.0</td>
<td>0</td>
<td>0</td>
<td>?</td>
<td>I</td>
<td>19:09</td>
<td>0:00</td>
<td>[kworker/2:1-events]</td>
</tr>
<td>root</td>
<td>5582</td>
<td>0.0</td>
<td>0.0</td>
<td>0</td>
<td>0</td>
<td>?</td>
<td>I</td>
<td>19:09</td>
<td>0:00</td>
<td>[kworker/3:0-bmhook_wq]</td>
</tr>
<td>vmwblast</td>
<td>5719</td>
<td>1.3</td>
<td>0.7</td>
<td>1185220</td>
<td>57740</td>
<td>?</td>
<td>Sl</td>
<td>19:14</td>
<td>0:03</td>
<td>/usr/lib/vmware/viewagent/VMwareBlastServer/VMwareBlastServer -m 41137 -r --sslProtocols TLSv1.2 --sslCiphers ECDHE+AESGCM --sslCipherServerPreference -v -b 22443 -u vmwblast -c -s RemoteDisplay.vnc.webSocket.useSSL=TRUE -s RemoteDisplay.udpExternalPort=22443 -s RemoteDisplay.allowMultimon=TRUE -s RemoteDisplay.allowSoftwareH264=TRUE -s RemoteDisplay.allowVMWServerHeartbeat=TRUE -s RemoteDisplay.allowSessionCloseMessage=TRUE -s RemoteDisplay.allowRequestStreamState=TRUE -s RemoteDisplay.heartbeatInterval=120 -s mksVNCServer.disableResizeWhenScreenLocked=FALSE -s mksVNCServer.lastRootSizeCheck=TRUE -s mksVNCServer.initialClippedWidth=2560 -s mksVNCServer.initialClippedHeight=1600 -s mksVNCServer.checkPulseAudio=TRUE -s mks.panicOnTopologyFail=TRUE -s mks.enableMKSControl=TRUE -s mks.enableFIPSMode=FALSE -s mks.enableHelpDesk=TRUE -s mks.x.skipCoreDumpOnXIOError=TRUE</td>
</tr>
<td>root</td>
<td>5812</td>
<td>0.0</td>
<td>0.0</td>
<td>0</td>
<td>0</td>
<td>?</td>
<td>I</td>
<td>19:14</td>
<td>0:00</td>
<td>[kworker/1:2-rcu_par_gp]</td>
</tr>
<td>root</td>
<td>5813</td>
<td>0.0</td>
<td>0.0</td>
<td>0</td>
<td>0</td>
<td>?</td>
<td>I<</td>
<td>19:14</td>
<td>0:00</td>
<td>[nfsiod]</td>
</tr>
<td>root</td>
<td>5818</td>
<td>0.0</td>
<td>0.0</td>
<td>0</td>
<td>0</td>
<td>?</td>
<td>I<</td>
<td>19:14</td>
<td>0:00</td>
<td>[kworker/u257:1-xprtiod]</td>
</tr>
<td>statd</td>
<td>5826</td>
<td>0.0</td>
<td>0.6</td>
<td>58244</td>
<td>52112</td>
<td>?</td>
<td>Ss</td>
<td>19:14</td>
<td>0:00</td>
<td>/sbin/rpc.statd --no-notify</td>
</tr>
<td>root</td>
<td>5828</td>
<td>0.0</td>
<td>0.0</td>
<td>0</td>
<td>0</td>
<td>?</td>
<td>I</td>
<td>19:14</td>
<td>0:00</td>
<td>[kworker/0:2-cgroup_destroy]</td>
</tr>
<td>root</td>
<td>5829</td>
<td>0.0</td>
<td>0.0</td>
<td>0</td>
<td>0</td>
<td>?</td>
<td>S</td>
<td>19:14</td>
<td>0:00</td>
<td>[lockd]</td>
</tr>
<td>root</td>
<td>5837</td>
<td>0.0</td>
<td>0.5</td>
<td>909800</td>
<td>44696</td>
<td>?</td>
<td>Sl</td>
<td>19:14</td>
<td>0:00</td>
<td>/usr/lib/vmware/viewagent/VVC/vchan_plugins/rdeSvc -t 60</td>
</tr>
<td>root</td>
<td>5839</td>
<td>0.1</td>
<td>0.4</td>
<td>588308</td>
<td>34368</td>
<td>?</td>
<td>Sl</td>
<td>19:14</td>
<td>0:00</td>
<td>/usr/lib/vmware/viewagent/VVC/vchan_plugins/mksvchanserver -c /etc/vmware/config</td>
</tr>
<td>root</td>
<td>5842</td>
<td>0.0</td>
<td>0.2</td>
<td>638836</td>
<td>19176</td>
<td>?</td>
<td>Sl</td>
<td>19:14</td>
<td>0:00</td>
<td>/usr/lib/vmware/viewagent/VVC/vchan_plugins/usbRedirectionServer</td>
</tr>
<td>root</td>
<td>5845</td>
<td>0.0</td>
<td>0.3</td>
<td>240744</td>
<td>24368</td>
<td>?</td>
<td>Sl</td>
<td>19:14</td>
<td>0:00</td>
<td>gdm-session-worker [pam/gdm-vmwcred]</td>
</tr>
<td>P162188+</td>
<td>5896</td>
<td>0.0</td>
<td>0.1</td>
<td>19056</td>
<td>10424</td>
<td>?</td>
<td>Ss</td>
<td>19:14</td>
<td>0:00</td>
<td>/lib/systemd/systemd --user</td>
</tr>
<td>P162188+</td>
<td>5898</td>
<td>0.0</td>
<td>0.0</td>
<td>176288</td>
<td>3896</td>
<td>?</td>
<td>S</td>
<td>19:14</td>
<td>0:00</td>
<td>(sd-pam)</td>
</tr>
<td>P162188+</td>
<td>6002</td>
<td>0.0</td>
<td>0.2</td>
<td>1611096</td>
<td>16932</td>
<td>?</td>
<td>Ssl</td>
<td>19:14</td>
<td>0:00</td>
<td>/usr/bin/pulseaudio --daemonize=no --log-target=journal</td>
</tr>
<td>P162188+</td>
<td>6004</td>
<td>0.2</td>
<td>0.3</td>
<td>1062124</td>
<td>27284</td>
<td>?</td>
<td>SNsl</td>
<td>19:14</td>
<td>0:00</td>
<td>/usr/libexec/tracker-miner-fs</td>
</tr>
<td>P162188+</td>
<td>6009</td>
<td>0.0</td>
<td>0.0</td>
<td>248704</td>
<td>7092</td>
<td>?</td>
<td>Sl</td>
<td>19:14</td>
<td>0:00</td>
<td>/usr/bin/gnome-keyring-daemon --daemonize --login</td>
</tr>
<td>P162188+</td>
<td>6017</td>
<td>0.0</td>
<td>0.0</td>
<td>11084</td>
<td>6020</td>
<td>?</td>
<td>Ss</td>
<td>19:14</td>
<td>0:00</td>
<td>/usr/bin/dbus-daemon --session --address=systemd: --nofork --nopidfile --systemd-activation --syslog-only</td>
</tr>
<td>P162188+</td>
<td>6032</td>
<td>0.0</td>
<td>0.0</td>
<td>248364</td>
<td>7784</td>
<td>?</td>
<td>Ssl</td>
<td>19:14</td>
<td>0:00</td>
<td>/usr/libexec/gvfsd</td>
</tr>
<td>P162188+</td>
<td>6037</td>
<td>0.0</td>
<td>0.1</td>
<td>382064</td>
<td>8464</td>
<td>?</td>
<td>Sl</td>
<td>19:14</td>
<td>0:00</td>
<td>/usr/libexec/gvfsd-fuse /run/user/11621886/gvfs -f -o big_writes</td>
</tr>
<td>P162188+</td>
<td>6048</td>
<td>0.0</td>
<td>0.1</td>
<td>328576</td>
<td>11848</td>
<td>?</td>
<td>Ssl</td>
<td>19:14</td>
<td>0:00</td>
<td>/usr/libexec/gvfs-udisks2-volume-monitor</td>
</tr>
<td>root</td>
<td>6049</td>
<td>0.1</td>
<td>0.0</td>
<td>0</td>
<td>0</td>
<td>?</td>
<td>I<</td>
<td>19:14</td>
<td>0:00</td>
<td>[kworker/u257:2-xprtiod]</td>
</tr>
<td>P162188+</td>
<td>6068</td>
<td>0.0</td>
<td>0.0</td>
<td>246620</td>
<td>7024</td>
<td>?</td>
<td>Ssl</td>
<td>19:14</td>
<td>0:00</td>
<td>/usr/libexec/gvfs-gphoto2-volume-monitor</td>
</tr>
<td>P162188+</td>
<td>6072</td>
<td>0.0</td>
<td>0.1</td>
<td>325396</td>
<td>8908</td>
<td>?</td>
<td>Ssl</td>
<td>19:14</td>
<td>0:00</td>
<td>/usr/libexec/gvfs-afc-volume-monitor</td>
</tr>
<td>P162188+</td>
<td>6079</td>
<td>0.0</td>
<td>0.0</td>
<td>244548</td>
<td>6248</td>
<td>?</td>
<td>Ssl</td>
<td>19:14</td>
<td>0:00</td>
<td>/usr/libexec/gvfs-goa-volume-monitor</td>
</tr>
<td>P162188+</td>
<td>6084</td>
<td>0.0</td>
<td>0.4</td>
<td>555992</td>
<td>37104</td>
<td>?</td>
<td>Sl</td>
<td>19:14</td>
<td>0:00</td>
<td>/usr/libexec/goa-daemon</td>
</tr>
<td>P162188+</td>
<td>6101</td>
<td>0.0</td>
<td>0.1</td>
<td>401016</td>
<td>11628</td>
<td>?</td>
<td>Sl</td>
<td>19:14</td>
<td>0:00</td>
<td>/usr/libexec/goa-identity-service</td>
</tr>
<td>P162188+</td>
<td>6108</td>
<td>0.0</td>
<td>0.0</td>
<td>244344</td>
<td>6208</td>
<td>?</td>
<td>Ssl</td>
<td>19:14</td>
<td>0:00</td>
<td>/usr/libexec/gvfs-mtp-volume-monitor</td>
</tr>
<td>root</td>
<td>6126</td>
<td>0.0</td>
<td>0.0</td>
<td>0</td>
<td>0</td>
<td>?</td>
<td>I</td>
<td>19:14</td>
<td>0:00</td>
<td>[kworker/u256:3-nfsiod]</td>
</tr>
<td>P162188+</td>
<td>6131</td>
<td>0.0</td>
<td>0.1</td>
<td>199568</td>
<td>15868</td>
<td>?</td>
<td>Ssl</td>
<td>19:14</td>
<td>0:00</td>
<td>/usr/libexec/gnome-session-binary --systemd --systemd --session=ubuntu</td>
</tr>
<td>P162188+</td>
<td>6241</td>
<td>0.0</td>
<td>0.2</td>
<td>122356</td>
<td>16520</td>
<td>?</td>
<td>Sl</td>
<td>19:14</td>
<td>0:00</td>
<td>/usr/libexec/kamsg</td>
</tr>
<td>P162188+</td>
<td>6242</td>
<td>0.2</td>
<td>0.0</td>
<td>158900</td>
<td>6292</td>
<td>?</td>
<td>Sl</td>
<td>19:14</td>
<td>0:00</td>
<td>/usr/libexec/KeyAccess</td>
</tr>
<td>P162188+</td>
<td>6244</td>
<td>0.0</td>
<td>0.0</td>
<td>6040</td>
<td>456</td>
<td>?</td>
<td>Ss</td>
<td>19:14</td>
<td>0:00</td>
<td>/usr/bin/ssh-agent /usr/bin/im-launch env GNOME_SHELL_SESSION_MODE=ubuntu /usr/bin/gnome-session --systemd --session=ubuntu</td>
</tr>
<td>P162188+</td>
<td>6270</td>
<td>0.0</td>
<td>0.1</td>
<td>309744</td>
<td>9480</td>
<td>?</td>
<td>Ssl</td>
<td>19:14</td>
<td>0:00</td>
<td>/usr/libexec/at-spi-bus-launcher</td>
</tr>
<td>P162188+</td>
<td>6275</td>
<td>0.0</td>
<td>0.0</td>
<td>9900</td>
<td>4760</td>
<td>?</td>
<td>S</td>
<td>19:14</td>
<td>0:00</td>
<td>/usr/bin/dbus-daemon --config-file=/usr/share/defaults/at-spi2/accessibility.conf --nofork --print-address 3</td>
</tr>
<td>P162188+</td>
<td>6278</td>
<td>0.0</td>
<td>0.0</td>
<td>162912</td>
<td>6424</td>
<td>?</td>
<td>Sl</td>
<td>19:14</td>
<td>0:00</td>
<td>/usr/libexec/at-spi2-registryd --use-gnome-session</td>
</tr>
<td>P162188+</td>
<td>6284</td>
<td>0.0</td>
<td>0.0</td>
<td>98700</td>
<td>4364</td>
<td>?</td>
<td>Ssl</td>
<td>19:14</td>
<td>0:00</td>
<td>/usr/libexec/gnome-session-ctl --monitor</td>
</tr>
<td>P162188+</td>
<td>6291</td>
<td>0.0</td>
<td>0.2</td>
<td>421704</td>
<td>17708</td>
<td>?</td>
<td>Ssl</td>
<td>19:14</td>
<td>0:00</td>
<td>/usr/libexec/gnome-session-binary --systemd-service --session=ubuntu</td>
</tr>
<td>P162188+</td>
<td>6305</td>
<td>5.3</td>
<td>3.7</td>
<td>5147408</td>
<td>305204</td>
<td>?</td>
<td>Ssl</td>
<td>19:14</td>
<td>0:14</td>
<td>/usr/bin/gnome-shell</td>
</tr>
<td>P162188+</td>
<td>6337</td>
<td>0.0</td>
<td>0.1</td>
<td>325936</td>
<td>10992</td>
<td>?</td>
<td>Sl</td>
<td>19:14</td>
<td>0:00</td>
<td>ibus-daemon --panel disable --xim</td>
</tr>
<td>P162188+</td>
<td>6341</td>
<td>0.0</td>
<td>0.1</td>
<td>322752</td>
<td>9412</td>
<td>?</td>
<td>Sl</td>
<td>19:14</td>
<td>0:00</td>
<td>/usr/libexec/ibus-dconf</td>
</tr>
<td>P162188+</td>
<td>6342</td>
<td>0.2</td>
<td>0.4</td>
<td>360520</td>
<td>33576</td>
<td>?</td>
<td>Sl</td>
<td>19:14</td>
<td>0:00</td>
<td>/usr/libexec/ibus-extension-gtk3</td>
</tr>
<td>P162188+</td>
<td>6345</td>
<td>0.0</td>
<td>0.3</td>
<td>282824</td>
<td>30480</td>
<td>?</td>
<td>Sl</td>
<td>19:14</td>
<td>0:00</td>
<td>/usr/libexec/ibus-x11 --kill-daemon</td>
</tr>
<td>P162188+</td>
<td>6348</td>
<td>0.0</td>
<td>0.1</td>
<td>249000</td>
<td>9320</td>
<td>?</td>
<td>Sl</td>
<td>19:14</td>
<td>0:00</td>
<td>/usr/libexec/ibus-portal</td>
</tr>
<td>P162188+</td>
<td>6362</td>
<td>0.0</td>
<td>0.1</td>
<td>248640</td>
<td>9288</td>
<td>?</td>
<td>Ssl</td>
<td>19:14</td>
<td>0:00</td>
<td>/usr/libexec/xdg-permission-store</td>
</tr>
<td>P162188+</td>
<td>6364</td>
<td>0.0</td>
<td>0.2</td>
<td>584756</td>
<td>22208</td>
<td>?</td>
<td>Sl</td>
<td>19:14</td>
<td>0:00</td>
<td>/usr/libexec/gnome-shell-calendar-server</td>
</tr>
<td>P162188+</td>
<td>6375</td>
<td>0.0</td>
<td>0.3</td>
<td>401568</td>
<td>26328</td>
<td>?</td>
<td>Ssl</td>
<td>19:14</td>
<td>0:00</td>
<td>/usr/libexec/evolution-source-registry</td>
</tr>
<td>root</td>
<td>6380</td>
<td>0.0</td>
<td>0.0</td>
<td>0</td>
<td>0</td>
<td>?</td>
<td>I</td>
<td>19:14</td>
<td>0:00</td>
<td>[kworker/2:0-bmhook_wq]</td>
</tr>
<td>root</td>
<td>6385</td>
<td>0.0</td>
<td>0.2</td>
<td>296292</td>
<td>16920</td>
<td>?</td>
<td>Ssl</td>
<td>19:14</td>
<td>0:00</td>
<td>/usr/lib/packagekit/packagekitd</td>
</tr>
<td>P162188+</td>
<td>6396</td>
<td>0.0</td>
<td>0.1</td>
<td>326244</td>
<td>10948</td>
<td>?</td>
<td>Sl</td>
<td>19:14</td>
<td>0:00</td>
<td>/usr/libexec/gvfsd-trash --spawner :1.3 /org/gtk/gvfs/exec_spaw/0</td>
</tr>
<td>P162188+</td>
<td>6402</td>
<td>0.0</td>
<td>0.3</td>
<td>2668824</td>
<td>27032</td>
<td>?</td>
<td>Sl</td>
<td>19:14</td>
<td>0:00</td>
<td>/usr/bin/gjs /usr/share/gnome-shell/org.gnome.Shell.Notifications</td>
</tr>
<td>P162188+</td>
<td>6423</td>
<td>0.0</td>
<td>0.3</td>
<td>858148</td>
<td>30500</td>
<td>?</td>
<td>Ssl</td>
<td>19:14</td>
<td>0:00</td>
<td>/usr/libexec/evolution-calendar-factory</td>
</tr>
<td>P162188+</td>
<td>6425</td>
<td>0.0</td>
<td>0.1</td>
<td>322596</td>
<td>9284</td>
<td>?</td>
<td>Ssl</td>
<td>19:14</td>
<td>0:00</td>
<td>/usr/libexec/gsd-a11y-settings</td>
</tr>
<td>P162188+</td>
<td>6426</td>
<td>0.0</td>
<td>0.3</td>
<td>579044</td>
<td>31208</td>
<td>?</td>
<td>Ssl</td>
<td>19:14</td>
<td>0:00</td>
<td>/usr/libexec/gsd-color</td>
</tr>
<td>P162188+</td>
<td>6427</td>
<td>0.0</td>
<td>0.2</td>
<td>383048</td>
<td>17668</td>
<td>?</td>
<td>Ssl</td>
<td>19:14</td>
<td>0:00</td>
<td>/usr/libexec/gsd-datetime</td>
</tr>
<td>P162188+</td>
<td>6428</td>
<td>0.0</td>
<td>0.1</td>
<td>322960</td>
<td>9700</td>
<td>?</td>
<td>Ssl</td>
<td>19:14</td>
<td>0:00</td>
<td>/usr/libexec/gsd-housekeeping</td>
</tr>
<td>P162188+</td>
<td>6429</td>
<td>0.0</td>
<td>0.3</td>
<td>359236</td>
<td>30844</td>
<td>?</td>
<td>Ssl</td>
<td>19:14</td>
<td>0:00</td>
<td>/usr/libexec/gsd-keyboard</td>
</tr>
<td>P162188+</td>
<td>6430</td>
<td>0.0</td>
<td>0.4</td>
<td>1111260</td>
<td>33092</td>
<td>?</td>
<td>Ssl</td>
<td>19:14</td>
<td>0:00</td>
<td>/usr/libexec/gsd-media-keys</td>
</tr>
<td>P162188+</td>
<td>6431</td>
<td>0.0</td>
<td>0.3</td>
<td>359864</td>
<td>31316</td>
<td>?</td>
<td>Ssl</td>
<td>19:14</td>
<td>0:00</td>
<td>/usr/libexec/gsd-power</td>
</tr>
<td>P162188+</td>
<td>6432</td>
<td>0.0</td>
<td>0.1</td>
<td>259388</td>
<td>11760</td>
<td>?</td>
<td>Ssl</td>
<td>19:14</td>
<td>0:00</td>
<td>/usr/libexec/gsd-print-notifications</td>
</tr>
<td>P162188+</td>
<td>6433</td>
<td>0.0</td>
<td>0.0</td>
<td>465776</td>
<td>6160</td>
<td>?</td>
<td>Ssl</td>
<td>19:14</td>
<td>0:00</td>
<td>/usr/libexec/gsd-rfkill</td>
</tr>
<td>P162188+</td>
<td>6434</td>
<td>0.0</td>
<td>0.0</td>
<td>244184</td>
<td>5744</td>
<td>?</td>
<td>Ssl</td>
<td>19:14</td>
<td>0:00</td>
<td>/usr/libexec/gsd-screensaver-proxy</td>
</tr>
<td>P162188+</td>
<td>6435</td>
<td>0.0</td>
<td>0.1</td>
<td>477648</td>
<td>12856</td>
<td>?</td>
<td>Ssl</td>
<td>19:14</td>
<td>0:00</td>
<td>/usr/libexec/gsd-sharing</td>
</tr>
<td>P162188+</td>
<td>6436</td>
<td>0.0</td>
<td>0.1</td>
<td>326756</td>
<td>10652</td>
<td>?</td>
<td>Ssl</td>
<td>19:14</td>
<td>0:00</td>
<td>/usr/libexec/gsd-smartcard</td>
</tr>
<td>P162188+</td>
<td>6437</td>
<td>0.0</td>
<td>0.1</td>
<td>330464</td>
<td>11240</td>
<td>?</td>
<td>Ssl</td>
<td>19:14</td>
<td>0:00</td>
<td>/usr/libexec/gsd-sound</td>
</tr>
<td>P162188+</td>
<td>6438</td>
<td>0.0</td>
<td>0.1</td>
<td>396556</td>
<td>9592</td>
<td>?</td>
<td>Ssl</td>
<td>19:14</td>
<td>0:00</td>
<td>/usr/libexec/gsd-usb-protection</td>
</tr>
<td>P162188+</td>
<td>6439</td>
<td>0.0</td>
<td>0.3</td>
<td>356580</td>
<td>30176</td>
<td>?</td>
<td>Ssl</td>
<td>19:14</td>
<td>0:00</td>
<td>/usr/libexec/gsd-wacom</td>
</tr>
<td>P162188+</td>
<td>6443</td>
<td>0.0</td>
<td>0.1</td>
<td>326948</td>
<td>10640</td>
<td>?</td>
<td>Ssl</td>
<td>19:14</td>
<td>0:00</td>
<td>/usr/libexec/gsd-wwan</td>
</tr>
<td>P162188+</td>
<td>6444</td>
<td>0.0</td>
<td>0.3</td>
<td>431916</td>
<td>32196</td>
<td>?</td>
<td>Ssl</td>
<td>19:14</td>
<td>0:00</td>
<td>/usr/libexec/gsd-xsettings</td>
</tr>
<td>P162188+</td>
<td>6558</td>
<td>0.0</td>
<td>0.1</td>
<td>350864</td>
<td>15332</td>
<td>?</td>
<td>Sl</td>
<td>19:14</td>
<td>0:00</td>
<td>/usr/libexec/gsd-printer</td>
</tr>
<td>P162188+</td>
<td>6581</td>
<td>0.1</td>
<td>0.5</td>
<td>230440</td>
<td>43284</td>
<td>?</td>
<td>Sl</td>
<td>19:14</td>
<td>0:00</td>
<td>/usr/bin/vmtoolsd -n vmusr --blockFd 3</td>
</tr>
<td>P162188+</td>
<td>6595</td>
<td>0.0</td>
<td>0.0</td>
<td>231800</td>
<td>5744</td>
<td>?</td>
<td>Sl</td>
<td>19:14</td>
<td>0:00</td>
<td>/usr/libexec/gsd-disk-utility-notify</td>
</tr>
<td>P162188+</td>
<td>6608</td>
<td>0.0</td>
<td>0.7</td>
<td>724660</td>
<td>62360</td>
<td>?</td>
<td>Sl</td>
<td>19:14</td>
<td>0:00</td>
<td>/usr/libexec/evolution-data-server/evolution-alarm-notify</td>
</tr>
<td>P162188+</td>
<td>6615</td>
<td>0.0</td>
<td>0.6</td>
<td>511436</td>
<td>56488</td>
<td>?</td>
<td>Sl</td>
<td>19:14</td>
<td>0:00</td>
<td>/usr/lib/x86_64-linux-gnu/libexec/kdeconnectd</td>
</tr>
<td>P162188+</td>
<td>6618</td>
<td>0.0</td>
<td>0.1</td>
<td>209048</td>
<td>12600</td>
<td>?</td>
<td>Sl</td>
<td>19:14</td>
<td>0:00</td>
<td>/usr/lib/vmware/viewagent/desktop/desktopController</td>
</tr>
<td>root</td>
<td>6650</td>
<td>0.0</td>
<td>0.0</td>
<td>0</td>
<td>0</td>
<td>?</td>
<td>I</td>
<td>19:14</td>
<td>0:00</td>
<td>[kworker/3:2-cgroup_destroy]</td>
</tr>
<td>P162188+</td>
<td>6665</td>
<td>0.0</td>
<td>0.0</td>
<td>156232</td>
<td>5780</td>
<td>?</td>
<td>Sl</td>
<td>19:14</td>
<td>0:00</td>
<td>/usr/libexec/dconf-service</td>
</tr>
<td>P162188+</td>
<td>6682</td>
<td>0.0</td>
<td>0.3</td>
<td>831852</td>
<td>30040</td>
<td>?</td>
<td>Ssl</td>
<td>19:14</td>
<td>0:00</td>
<td>/usr/libexec/evolution-addressbook-factory</td>
</tr>
<td>P162188+</td>
<td>6753</td>
<td>0.0</td>
<td>0.0</td>
<td>171280</td>
<td>6752</td>
<td>?</td>
<td>Ssl</td>
<td>19:14</td>
<td>0:00</td>
<td>/usr/libexec/gvfsd-metadata</td>
</tr>
<td>root</td>
<td>6876</td>
<td>0.2</td>
<td>0.2</td>
<td>651900</td>
<td>19492</td>
<td>?</td>
<td>Sl</td>
<td>19:14</td>
<td>0:00</td>
<td>/usr/lib/vmware/viewagent/VVC/vchan_plugins/printSvc -u P16218862 -t vdi</td>
</tr>
<td>root</td>
<td>7057</td>
<td>0.0</td>
<td>0.0</td>
<td>0</td>
<td>0</td>
<td>?</td>
<td>I</td>
<td>19:14</td>
<td>0:00</td>
<td>[kworker/u256:4-nfsiod]</td>
</tr>
<td>P162188+</td>
<td>7059</td>
<td>0.0</td>
<td>0.5</td>
<td>75424</td>
<td>40900</td>
<td>?</td>
<td>S</td>
<td>19:14</td>
<td>0:00</td>
<td>/usr/bin/python3 /usr/lib/python3/dist-packages/rabbitvcs/services/checkerservice.py</td>
</tr>
<td>root</td>
<td>7125</td>
<td>0.0</td>
<td>0.0</td>
<td>0</td>
<td>0</td>
<td>?</td>
<td>I</td>
<td>19:14</td>
<td>0:00</td>
<td>[kworker/2:3-events]</td>
</tr>
<td>P162188+</td>
<td>7141</td>
<td>0.0</td>
<td>0.1</td>
<td>248924</td>
<td>9184</td>
<td>?</td>
<td>Sl</td>
<td>19:14</td>
<td>0:00</td>
<td>/usr/libexec/ibus-engine-simple</td>
</tr>
<td>root</td>
<td>7176</td>
<td>0.0</td>
<td>0.0</td>
<td>0</td>
<td>0</td>
<td>?</td>
<td>I<</td>
<td>19:14</td>
<td>0:00</td>
<td>[kworker/u257:3-xprtiod]</td>
</tr>
<td>P162188+</td>
<td>7405</td>
<td>0.2</td>
<td>0.6</td>
<td>826576</td>
<td>53116</td>
<td>?</td>
<td>Ssl</td>
<td>19:15</td>
<td>0:00</td>
<td>/usr/libexec/gnome-terminal-server</td>
</tr>
<td>P162188+</td>
<td>7413</td>
<td>0.0</td>
<td>0.0</td>
<td>21260</td>
<td>4548</td>
<td>pts/0</td>
<td>Ss</td>
<td>19:15</td>
<td>0:00</td>
<td>bash</td>
</tr>
<td>P162188+</td>
<td>7506</td>
<td>2.5</td>
<td>1.3</td>
<td>1853944</td>
<td>108320</td>
<td>?</td>
<td>Sl</td>
<td>19:16</td>
<td>0:04</td>
<td>/usr/bin/nautilus --gapplication-service</td>
</tr>
<td>root</td>
<td>7755</td>
<td>0.0</td>
<td>0.0</td>
<td>16716</td>
<td>592</td>
<td>?</td>
<td>S</td>
<td>19:19</td>
<td>0:00</td>
<td>sleep 120s</td>
</tr>
<td>P162188+</td>
<td>7794</td>
<td>0.0</td>
<td>0.0</td>
<td>18264</td>
<td>3784</td>
<td>pts/0</td>
<td>S+</td>
<td>19:19</td>
<td>0:00</td>
<td>/bin/bash ./sysMonitor.sh</td>
</tr>
<td>P162188+</td>
<td>7795</td>
<td>0.0</td>
<td>0.0</td>
<td>18132</td>
<td>256</td>
<td>pts/0</td>
<td>S+</td>
<td>19:19</td>
<td>0:00</td>
<td>/bin/bash ./sysMonitor.sh</td>
</tr>
<td>P162188+</td>
<td>7797</td>
<td>0.0</td>
<td>0.0</td>
<td>16748</td>
<td>592</td>
<td>pts/0</td>
<td>S+</td>
<td>19:19</td>
<td>0:00</td>
<td>tee -i /home2/P16218862/Documents/Assignment1_P16218862/sysMonitor.log</td>
</tr>
<td>P162188+</td>
<td>7812</td>
<td>8.5</td>
<td>0.3</td>
<td>443656</td>
<td>32300</td>
<td>?</td>
<td>Ssl</td>
<td>19:19</td>
<td>0:00</td>
<td>/usr/libexec/tracker-store</td>
</tr>
<td>P162188+</td>
<td>7829</td>
<td>10.0</td>
<td>0.4</td>
<td>1288720</td>
<td>35940</td>
<td>?</td>
<td>SNsl</td>
<td>19:19</td>
<td>0:00</td>
<td>/usr/libexec/tracker-extract</td>
</tr>
<td>P162188+</td>
<td>7870</td>
<td>0.0</td>
<td>0.0</td>
<td>22988</td>
<td>4004</td>
<td>pts/0</td>
<td>R+</td>
<td>19:19</td>
<td>0:00</td>
<td>ps -aux</td>
</tr>
      
  </tbody>
</table>
</div>
</div>  
   
  
 </body>
</html>
